{"C:\\Users\\Usuario\\Desktop\\hotel-management - copia\\server.js": {"path":"C:\\Users\\Usuario\\Desktop\\hotel-management - copia\\server.js","statementMap":{"0":{"start":{"line":2,"column":0},"end":{"line":2,"column":27}},"1":{"start":{"line":3,"column":16},"end":{"line":3,"column":34}},"2":{"start":{"line":4,"column":12},"end":{"line":4,"column":21}},"3":{"start":{"line":6,"column":23},"end":{"line":6,"column":58}},"4":{"start":{"line":7,"column":25},"end":{"line":7,"column":62}},"5":{"start":{"line":8,"column":28},"end":{"line":8,"column":68}},"6":{"start":{"line":10,"column":0},"end":{"line":10,"column":24}},"7":{"start":{"line":11,"column":0},"end":{"line":11,"column":41}},"8":{"start":{"line":12,"column":0},"end":{"line":12,"column":45}},"9":{"start":{"line":13,"column":0},"end":{"line":13,"column":51}},"10":{"start":{"line":15,"column":0},"end":{"line":15,"column":21}}},"fnMap":{},"branchMap":{},"s":{"0":4,"1":4,"2":4,"3":4,"4":4,"5":4,"6":4,"7":4,"8":4,"9":4,"10":4},"f":{},"b":{},"_coverageSchema":"1a1c01bbd47fc00a2c39e90264f33305004495a9","hash":"7a5d887cdd203d839f23a373b46b157a88c51574"}
,"C:\\Users\\Usuario\\Desktop\\hotel-management - copia\\controllers\\factura.controller.js": {"path":"C:\\Users\\Usuario\\Desktop\\hotel-management - copia\\controllers\\factura.controller.js","statementMap":{"0":{"start":{"line":1,"column":38},"end":{"line":1,"column":58}},"1":{"start":{"line":2,"column":11},"end":{"line":2,"column":31}},"2":{"start":{"line":4,"column":0},"end":{"line":20,"column":2}},"3":{"start":{"line":5,"column":2},"end":{"line":19,"column":3}},"4":{"start":{"line":6,"column":21},"end":{"line":13,"column":6}},"5":{"start":{"line":15,"column":4},"end":{"line":15,"column":35}},"6":{"start":{"line":17,"column":4},"end":{"line":17,"column":59}},"7":{"start":{"line":18,"column":4},"end":{"line":18,"column":75}},"8":{"start":{"line":22,"column":0},"end":{"line":43,"column":2}},"9":{"start":{"line":23,"column":24},"end":{"line":23,"column":33}},"10":{"start":{"line":24,"column":2},"end":{"line":26,"column":3}},"11":{"start":{"line":25,"column":4},"end":{"line":25,"column":105}},"12":{"start":{"line":27,"column":2},"end":{"line":42,"column":3}},"13":{"start":{"line":28,"column":21},"end":{"line":37,"column":6}},"14":{"start":{"line":38,"column":4},"end":{"line":38,"column":35}},"15":{"start":{"line":40,"column":4},"end":{"line":40,"column":67}},"16":{"start":{"line":41,"column":4},"end":{"line":41,"column":82}},"17":{"start":{"line":45,"column":0},"end":{"line":80,"column":2}},"18":{"start":{"line":46,"column":24},"end":{"line":46,"column":34}},"19":{"start":{"line":47,"column":25},"end":{"line":47,"column":33}},"20":{"start":{"line":48,"column":2},"end":{"line":79,"column":3}},"21":{"start":{"line":49,"column":20},"end":{"line":51,"column":6}},"22":{"start":{"line":53,"column":4},"end":{"line":55,"column":5}},"23":{"start":{"line":54,"column":6},"end":{"line":54,"column":121}},"24":{"start":{"line":57,"column":4},"end":{"line":59,"column":5}},"25":{"start":{"line":58,"column":6},"end":{"line":58,"column":115}},"26":{"start":{"line":61,"column":25},"end":{"line":61,"column":52}},"27":{"start":{"line":62,"column":24},"end":{"line":62,"column":50}},"28":{"start":{"line":63,"column":19},"end":{"line":63,"column":56}},"29":{"start":{"line":64,"column":18},"end":{"line":64,"column":68}},"30":{"start":{"line":66,"column":20},"end":{"line":70,"column":6}},"31":{"start":{"line":72,"column":4},"end":{"line":72,"column":51}},"32":{"start":{"line":73,"column":4},"end":{"line":73,"column":58}},"33":{"start":{"line":75,"column":4},"end":{"line":75,"column":99}},"34":{"start":{"line":77,"column":4},"end":{"line":77,"column":75}},"35":{"start":{"line":78,"column":4},"end":{"line":78,"column":92}}},"fnMap":{"0":{"name":"(anonymous_0)","decl":{"start":{"line":4,"column":28},"end":{"line":4,"column":29}},"loc":{"start":{"line":4,"column":48},"end":{"line":20,"column":1}},"line":4},"1":{"name":"(anonymous_1)","decl":{"start":{"line":22,"column":36},"end":{"line":22,"column":37}},"loc":{"start":{"line":22,"column":56},"end":{"line":43,"column":1}},"line":22},"2":{"name":"(anonymous_2)","decl":{"start":{"line":45,"column":42},"end":{"line":45,"column":43}},"loc":{"start":{"line":45,"column":62},"end":{"line":80,"column":1}},"line":45}},"branchMap":{"0":{"loc":{"start":{"line":24,"column":2},"end":{"line":26,"column":3}},"type":"if","locations":[{"start":{"line":24,"column":2},"end":{"line":26,"column":3}},{"start":{},"end":{}}],"line":24},"1":{"loc":{"start":{"line":53,"column":4},"end":{"line":55,"column":5}},"type":"if","locations":[{"start":{"line":53,"column":4},"end":{"line":55,"column":5}},{"start":{},"end":{}}],"line":53},"2":{"loc":{"start":{"line":57,"column":4},"end":{"line":59,"column":5}},"type":"if","locations":[{"start":{"line":57,"column":4},"end":{"line":59,"column":5}},{"start":{},"end":{}}],"line":57}},"s":{"0":1,"1":1,"2":1,"3":0,"4":0,"5":0,"6":0,"7":0,"8":1,"9":3,"10":3,"11":1,"12":2,"13":2,"14":2,"15":0,"16":0,"17":1,"18":2,"19":2,"20":2,"21":2,"22":2,"23":1,"24":1,"25":1,"26":0,"27":0,"28":0,"29":0,"30":0,"31":0,"32":0,"33":0,"34":0,"35":0},"f":{"0":0,"1":3,"2":2},"b":{"0":[1,2],"1":[1,1],"2":[1,0]},"_coverageSchema":"1a1c01bbd47fc00a2c39e90264f33305004495a9","hash":"f2c31d44afcc9a31ff2505923eaa70ef4fc0daba"}
,"C:\\Users\\Usuario\\Desktop\\hotel-management - copia\\controllers\\recepcionista.controller.js": {"path":"C:\\Users\\Usuario\\Desktop\\hotel-management - copia\\controllers\\recepcionista.controller.js","statementMap":{"0":{"start":{"line":1,"column":11},"end":{"line":1,"column":31}},"1":{"start":{"line":2,"column":14},"end":{"line":2,"column":30}},"2":{"start":{"line":5,"column":2},"end":{"line":36,"column":3}},"3":{"start":{"line":6,"column":67},"end":{"line":6,"column":75}},"4":{"start":{"line":8,"column":4},"end":{"line":10,"column":5}},"5":{"start":{"line":9,"column":6},"end":{"line":9,"column":89}},"6":{"start":{"line":12,"column":23},"end":{"line":12,"column":65}},"7":{"start":{"line":13,"column":4},"end":{"line":15,"column":5}},"8":{"start":{"line":14,"column":6},"end":{"line":14,"column":76}},"9":{"start":{"line":17,"column":4},"end":{"line":19,"column":5}},"10":{"start":{"line":18,"column":6},"end":{"line":18,"column":84}},"11":{"start":{"line":21,"column":25},"end":{"line":27,"column":6}},"12":{"start":{"line":29,"column":4},"end":{"line":29,"column":87}},"13":{"start":{"line":31,"column":4},"end":{"line":31,"column":114}},"14":{"start":{"line":34,"column":4},"end":{"line":34,"column":70}},"15":{"start":{"line":35,"column":4},"end":{"line":35,"column":73}},"16":{"start":{"line":40,"column":24},"end":{"line":40,"column":34}},"17":{"start":{"line":42,"column":2},"end":{"line":68,"column":3}},"18":{"start":{"line":43,"column":20},"end":{"line":45,"column":6}},"19":{"start":{"line":47,"column":4},"end":{"line":49,"column":5}},"20":{"start":{"line":48,"column":6},"end":{"line":48,"column":73}},"21":{"start":{"line":51,"column":4},"end":{"line":54,"column":5}},"22":{"start":{"line":52,"column":6},"end":{"line":52,"column":68}},"23":{"start":{"line":53,"column":6},"end":{"line":53,"column":105}},"24":{"start":{"line":56,"column":4},"end":{"line":58,"column":5}},"25":{"start":{"line":57,"column":6},"end":{"line":57,"column":102}},"26":{"start":{"line":60,"column":4},"end":{"line":60,"column":49}},"27":{"start":{"line":61,"column":4},"end":{"line":61,"column":100}},"28":{"start":{"line":63,"column":4},"end":{"line":63,"column":86}},"29":{"start":{"line":66,"column":4},"end":{"line":66,"column":56}},"30":{"start":{"line":67,"column":4},"end":{"line":67,"column":77}},"31":{"start":{"line":71,"column":0},"end":{"line":75,"column":2}}},"fnMap":{"0":{"name":"crearReservaRecepcionista","decl":{"start":{"line":4,"column":15},"end":{"line":4,"column":40}},"loc":{"start":{"line":4,"column":51},"end":{"line":37,"column":1}},"line":4},"1":{"name":"realizarCheckInRecepcionista","decl":{"start":{"line":39,"column":15},"end":{"line":39,"column":43}},"loc":{"start":{"line":39,"column":54},"end":{"line":69,"column":1}},"line":39}},"branchMap":{"0":{"loc":{"start":{"line":8,"column":4},"end":{"line":10,"column":5}},"type":"if","locations":[{"start":{"line":8,"column":4},"end":{"line":10,"column":5}},{"start":{},"end":{}}],"line":8},"1":{"loc":{"start":{"line":8,"column":8},"end":{"line":8,"column":68}},"type":"binary-expr","locations":[{"start":{"line":8,"column":8},"end":{"line":8,"column":21}},{"start":{"line":8,"column":25},"end":{"line":8,"column":35}},{"start":{"line":8,"column":39},"end":{"line":8,"column":52}},{"start":{"line":8,"column":56},"end":{"line":8,"column":68}}],"line":8},"2":{"loc":{"start":{"line":13,"column":4},"end":{"line":15,"column":5}},"type":"if","locations":[{"start":{"line":13,"column":4},"end":{"line":15,"column":5}},{"start":{},"end":{}}],"line":13},"3":{"loc":{"start":{"line":17,"column":4},"end":{"line":19,"column":5}},"type":"if","locations":[{"start":{"line":17,"column":4},"end":{"line":19,"column":5}},{"start":{},"end":{}}],"line":17},"4":{"loc":{"start":{"line":47,"column":4},"end":{"line":49,"column":5}},"type":"if","locations":[{"start":{"line":47,"column":4},"end":{"line":49,"column":5}},{"start":{},"end":{}}],"line":47},"5":{"loc":{"start":{"line":51,"column":4},"end":{"line":54,"column":5}},"type":"if","locations":[{"start":{"line":51,"column":4},"end":{"line":54,"column":5}},{"start":{},"end":{}}],"line":51},"6":{"loc":{"start":{"line":56,"column":4},"end":{"line":58,"column":5}},"type":"if","locations":[{"start":{"line":56,"column":4},"end":{"line":58,"column":5}},{"start":{},"end":{}}],"line":56}},"s":{"0":4,"1":4,"2":3,"3":3,"4":3,"5":1,"6":2,"7":2,"8":0,"9":2,"10":1,"11":1,"12":1,"13":1,"14":0,"15":0,"16":3,"17":3,"18":3,"19":3,"20":1,"21":2,"22":0,"23":0,"24":2,"25":1,"26":1,"27":1,"28":1,"29":0,"30":0,"31":4},"f":{"0":3,"1":3},"b":{"0":[1,2],"1":[3,2,2,2],"2":[0,2],"3":[1,1],"4":[1,2],"5":[0,2],"6":[1,1]},"_coverageSchema":"1a1c01bbd47fc00a2c39e90264f33305004495a9","hash":"a515fdcc28fc0acb8f7a1590e93811cd2966e93f"}
,"C:\\Users\\Usuario\\Desktop\\hotel-management - copia\\controllers\\reservas.controller.js": {"path":"C:\\Users\\Usuario\\Desktop\\hotel-management - copia\\controllers\\reservas.controller.js","statementMap":{"0":{"start":{"line":1,"column":50},"end":{"line":1,"column":70}},"1":{"start":{"line":2,"column":14},"end":{"line":2,"column":30}},"2":{"start":{"line":3,"column":15},"end":{"line":3,"column":35}},"3":{"start":{"line":5,"column":0},"end":{"line":36,"column":2}},"4":{"start":{"line":6,"column":2},"end":{"line":35,"column":3}},"5":{"start":{"line":7,"column":67},"end":{"line":7,"column":75}},"6":{"start":{"line":9,"column":4},"end":{"line":11,"column":5}},"7":{"start":{"line":10,"column":6},"end":{"line":10,"column":89}},"8":{"start":{"line":14,"column":23},"end":{"line":14,"column":62}},"9":{"start":{"line":15,"column":4},"end":{"line":17,"column":5}},"10":{"start":{"line":16,"column":6},"end":{"line":16,"column":84}},"11":{"start":{"line":20,"column":20},"end":{"line":26,"column":6}},"12":{"start":{"line":29,"column":4},"end":{"line":29,"column":84}},"13":{"start":{"line":31,"column":4},"end":{"line":31,"column":75}},"14":{"start":{"line":33,"column":4},"end":{"line":33,"column":55}},"15":{"start":{"line":34,"column":4},"end":{"line":34,"column":68}},"16":{"start":{"line":38,"column":0},"end":{"line":51,"column":2}},"17":{"start":{"line":39,"column":2},"end":{"line":50,"column":3}},"18":{"start":{"line":40,"column":21},"end":{"line":45,"column":6}},"19":{"start":{"line":46,"column":4},"end":{"line":46,"column":39}},"20":{"start":{"line":48,"column":4},"end":{"line":48,"column":59}},"21":{"start":{"line":49,"column":4},"end":{"line":49,"column":72}},"22":{"start":{"line":53,"column":0},"end":{"line":70,"column":2}},"23":{"start":{"line":54,"column":17},"end":{"line":54,"column":27}},"24":{"start":{"line":55,"column":2},"end":{"line":69,"column":3}},"25":{"start":{"line":56,"column":20},"end":{"line":61,"column":6}},"26":{"start":{"line":62,"column":4},"end":{"line":64,"column":5}},"27":{"start":{"line":63,"column":6},"end":{"line":63,"column":73}},"28":{"start":{"line":65,"column":4},"end":{"line":65,"column":38}},"29":{"start":{"line":67,"column":4},"end":{"line":67,"column":57}},"30":{"start":{"line":68,"column":4},"end":{"line":68,"column":70}},"31":{"start":{"line":72,"column":0},"end":{"line":93,"column":2}},"32":{"start":{"line":73,"column":17},"end":{"line":73,"column":27}},"33":{"start":{"line":74,"column":40},"end":{"line":74,"column":48}},"34":{"start":{"line":75,"column":2},"end":{"line":92,"column":3}},"35":{"start":{"line":76,"column":20},"end":{"line":76,"column":46}},"36":{"start":{"line":77,"column":4},"end":{"line":79,"column":5}},"37":{"start":{"line":78,"column":6},"end":{"line":78,"column":73}},"38":{"start":{"line":81,"column":4},"end":{"line":81,"column":75}},"39":{"start":{"line":82,"column":31},"end":{"line":87,"column":6}},"40":{"start":{"line":88,"column":4},"end":{"line":88,"column":58}},"41":{"start":{"line":90,"column":4},"end":{"line":90,"column":60}},"42":{"start":{"line":91,"column":4},"end":{"line":91,"column":73}},"43":{"start":{"line":95,"column":0},"end":{"line":114,"column":2}},"44":{"start":{"line":96,"column":17},"end":{"line":96,"column":27}},"45":{"start":{"line":97,"column":2},"end":{"line":113,"column":3}},"46":{"start":{"line":98,"column":20},"end":{"line":98,"column":46}},"47":{"start":{"line":99,"column":4},"end":{"line":101,"column":5}},"48":{"start":{"line":100,"column":6},"end":{"line":100,"column":73}},"49":{"start":{"line":104,"column":4},"end":{"line":106,"column":5}},"50":{"start":{"line":105,"column":6},"end":{"line":105,"column":93}},"51":{"start":{"line":108,"column":4},"end":{"line":108,"column":45}},"52":{"start":{"line":109,"column":4},"end":{"line":109,"column":59}},"53":{"start":{"line":111,"column":4},"end":{"line":111,"column":58}},"54":{"start":{"line":112,"column":4},"end":{"line":112,"column":71}},"55":{"start":{"line":116,"column":0},"end":{"line":155,"column":2}},"56":{"start":{"line":117,"column":17},"end":{"line":117,"column":27}},"57":{"start":{"line":118,"column":25},"end":{"line":118,"column":33}},"58":{"start":{"line":119,"column":2},"end":{"line":154,"column":3}},"59":{"start":{"line":120,"column":20},"end":{"line":122,"column":6}},"60":{"start":{"line":124,"column":4},"end":{"line":126,"column":5}},"61":{"start":{"line":125,"column":6},"end":{"line":125,"column":100}},"62":{"start":{"line":128,"column":4},"end":{"line":130,"column":5}},"63":{"start":{"line":129,"column":6},"end":{"line":129,"column":96}},"64":{"start":{"line":132,"column":25},"end":{"line":132,"column":52}},"65":{"start":{"line":133,"column":24},"end":{"line":133,"column":50}},"66":{"start":{"line":134,"column":19},"end":{"line":134,"column":56}},"67":{"start":{"line":135,"column":18},"end":{"line":135,"column":68}},"68":{"start":{"line":138,"column":20},"end":{"line":142,"column":6}},"69":{"start":{"line":145,"column":4},"end":{"line":145,"column":82}},"70":{"start":{"line":148,"column":4},"end":{"line":148,"column":91}},"71":{"start":{"line":150,"column":4},"end":{"line":150,"column":80}},"72":{"start":{"line":152,"column":4},"end":{"line":152,"column":60}},"73":{"start":{"line":153,"column":4},"end":{"line":153,"column":73}},"74":{"start":{"line":157,"column":0},"end":{"line":174,"column":2}},"75":{"start":{"line":158,"column":24},"end":{"line":158,"column":34}},"76":{"start":{"line":159,"column":2},"end":{"line":173,"column":3}},"77":{"start":{"line":160,"column":21},"end":{"line":168,"column":6}},"78":{"start":{"line":169,"column":4},"end":{"line":169,"column":39}},"79":{"start":{"line":171,"column":4},"end":{"line":171,"column":73}},"80":{"start":{"line":172,"column":4},"end":{"line":172,"column":86}},"81":{"start":{"line":176,"column":0},"end":{"line":184,"column":2}},"82":{"start":{"line":177,"column":2},"end":{"line":183,"column":3}},"83":{"start":{"line":178,"column":36},"end":{"line":178,"column":93}},"84":{"start":{"line":179,"column":4},"end":{"line":179,"column":54}},"85":{"start":{"line":181,"column":4},"end":{"line":181,"column":66}},"86":{"start":{"line":182,"column":4},"end":{"line":182,"column":79}},"87":{"start":{"line":186,"column":0},"end":{"line":201,"column":2}},"88":{"start":{"line":187,"column":24},"end":{"line":187,"column":33}},"89":{"start":{"line":188,"column":2},"end":{"line":200,"column":3}},"90":{"start":{"line":189,"column":4},"end":{"line":191,"column":5}},"91":{"start":{"line":190,"column":6},"end":{"line":190,"column":109}},"92":{"start":{"line":192,"column":20},"end":{"line":192,"column":67}},"93":{"start":{"line":193,"column":4},"end":{"line":195,"column":5}},"94":{"start":{"line":194,"column":6},"end":{"line":194,"column":73}},"95":{"start":{"line":196,"column":4},"end":{"line":196,"column":38}},"96":{"start":{"line":198,"column":4},"end":{"line":198,"column":56}},"97":{"start":{"line":199,"column":4},"end":{"line":199,"column":69}}},"fnMap":{"0":{"name":"(anonymous_0)","decl":{"start":{"line":5,"column":23},"end":{"line":5,"column":24}},"loc":{"start":{"line":5,"column":43},"end":{"line":36,"column":1}},"line":5},"1":{"name":"(anonymous_1)","decl":{"start":{"line":38,"column":26},"end":{"line":38,"column":27}},"loc":{"start":{"line":38,"column":46},"end":{"line":51,"column":1}},"line":38},"2":{"name":"(anonymous_2)","decl":{"start":{"line":53,"column":30},"end":{"line":53,"column":31}},"loc":{"start":{"line":53,"column":50},"end":{"line":70,"column":1}},"line":53},"3":{"name":"(anonymous_3)","decl":{"start":{"line":72,"column":28},"end":{"line":72,"column":29}},"loc":{"start":{"line":72,"column":48},"end":{"line":93,"column":1}},"line":72},"4":{"name":"(anonymous_4)","decl":{"start":{"line":95,"column":26},"end":{"line":95,"column":27}},"loc":{"start":{"line":95,"column":46},"end":{"line":114,"column":1}},"line":95},"5":{"name":"(anonymous_5)","decl":{"start":{"line":116,"column":27},"end":{"line":116,"column":28}},"loc":{"start":{"line":116,"column":47},"end":{"line":155,"column":1}},"line":116},"6":{"name":"(anonymous_6)","decl":{"start":{"line":157,"column":35},"end":{"line":157,"column":36}},"loc":{"start":{"line":157,"column":55},"end":{"line":174,"column":1}},"line":157},"7":{"name":"(anonymous_7)","decl":{"start":{"line":176,"column":34},"end":{"line":176,"column":35}},"loc":{"start":{"line":176,"column":55},"end":{"line":184,"column":1}},"line":176},"8":{"name":"(anonymous_8)","decl":{"start":{"line":186,"column":24},"end":{"line":186,"column":25}},"loc":{"start":{"line":186,"column":44},"end":{"line":201,"column":1}},"line":186}},"branchMap":{"0":{"loc":{"start":{"line":9,"column":4},"end":{"line":11,"column":5}},"type":"if","locations":[{"start":{"line":9,"column":4},"end":{"line":11,"column":5}},{"start":{},"end":{}}],"line":9},"1":{"loc":{"start":{"line":9,"column":8},"end":{"line":9,"column":68}},"type":"binary-expr","locations":[{"start":{"line":9,"column":8},"end":{"line":9,"column":21}},{"start":{"line":9,"column":25},"end":{"line":9,"column":35}},{"start":{"line":9,"column":39},"end":{"line":9,"column":52}},{"start":{"line":9,"column":56},"end":{"line":9,"column":68}}],"line":9},"2":{"loc":{"start":{"line":15,"column":4},"end":{"line":17,"column":5}},"type":"if","locations":[{"start":{"line":15,"column":4},"end":{"line":17,"column":5}},{"start":{},"end":{}}],"line":15},"3":{"loc":{"start":{"line":15,"column":8},"end":{"line":15,"column":45}},"type":"binary-expr","locations":[{"start":{"line":15,"column":8},"end":{"line":15,"column":19}},{"start":{"line":15,"column":23},"end":{"line":15,"column":45}}],"line":15},"4":{"loc":{"start":{"line":62,"column":4},"end":{"line":64,"column":5}},"type":"if","locations":[{"start":{"line":62,"column":4},"end":{"line":64,"column":5}},{"start":{},"end":{}}],"line":62},"5":{"loc":{"start":{"line":77,"column":4},"end":{"line":79,"column":5}},"type":"if","locations":[{"start":{"line":77,"column":4},"end":{"line":79,"column":5}},{"start":{},"end":{}}],"line":77},"6":{"loc":{"start":{"line":99,"column":4},"end":{"line":101,"column":5}},"type":"if","locations":[{"start":{"line":99,"column":4},"end":{"line":101,"column":5}},{"start":{},"end":{}}],"line":99},"7":{"loc":{"start":{"line":104,"column":4},"end":{"line":106,"column":5}},"type":"if","locations":[{"start":{"line":104,"column":4},"end":{"line":106,"column":5}},{"start":{},"end":{}}],"line":104},"8":{"loc":{"start":{"line":124,"column":4},"end":{"line":126,"column":5}},"type":"if","locations":[{"start":{"line":124,"column":4},"end":{"line":126,"column":5}},{"start":{},"end":{}}],"line":124},"9":{"loc":{"start":{"line":128,"column":4},"end":{"line":130,"column":5}},"type":"if","locations":[{"start":{"line":128,"column":4},"end":{"line":130,"column":5}},{"start":{},"end":{}}],"line":128},"10":{"loc":{"start":{"line":189,"column":4},"end":{"line":191,"column":5}},"type":"if","locations":[{"start":{"line":189,"column":4},"end":{"line":191,"column":5}},{"start":{},"end":{}}],"line":189},"11":{"loc":{"start":{"line":193,"column":4},"end":{"line":195,"column":5}},"type":"if","locations":[{"start":{"line":193,"column":4},"end":{"line":195,"column":5}},{"start":{},"end":{}}],"line":193}},"s":{"0":4,"1":4,"2":4,"3":4,"4":3,"5":3,"6":3,"7":1,"8":2,"9":2,"10":1,"11":1,"12":1,"13":1,"14":0,"15":0,"16":4,"17":0,"18":0,"19":0,"20":0,"21":0,"22":4,"23":0,"24":0,"25":0,"26":0,"27":0,"28":0,"29":0,"30":0,"31":4,"32":0,"33":0,"34":0,"35":0,"36":0,"37":0,"38":0,"39":0,"40":0,"41":0,"42":0,"43":4,"44":0,"45":0,"46":0,"47":0,"48":0,"49":0,"50":0,"51":0,"52":0,"53":0,"54":0,"55":4,"56":2,"57":2,"58":2,"59":2,"60":2,"61":1,"62":1,"63":0,"64":1,"65":1,"66":1,"67":1,"68":1,"69":1,"70":1,"71":1,"72":0,"73":0,"74":4,"75":0,"76":0,"77":0,"78":0,"79":0,"80":0,"81":4,"82":0,"83":0,"84":0,"85":0,"86":0,"87":4,"88":0,"89":0,"90":0,"91":0,"92":0,"93":0,"94":0,"95":0,"96":0,"97":0},"f":{"0":3,"1":0,"2":0,"3":0,"4":0,"5":2,"6":0,"7":0,"8":0},"b":{"0":[1,2],"1":[3,2,2,2],"2":[1,1],"3":[2,2],"4":[0,0],"5":[0,0],"6":[0,0],"7":[0,0],"8":[1,1],"9":[0,1],"10":[0,0],"11":[0,0]},"_coverageSchema":"1a1c01bbd47fc00a2c39e90264f33305004495a9","hash":"3786e2917e3041009f44fd376bd09b0e0a3bd987"}
,"C:\\Users\\Usuario\\Desktop\\hotel-management - copia\\controllers\\supervisor.controller.js": {"path":"C:\\Users\\Usuario\\Desktop\\hotel-management - copia\\controllers\\supervisor.controller.js","statementMap":{"0":{"start":{"line":2,"column":36},"end":{"line":2,"column":56}},"1":{"start":{"line":3,"column":15},"end":{"line":3,"column":32}},"2":{"start":{"line":4,"column":19},"end":{"line":4,"column":21}},"3":{"start":{"line":6,"column":0},"end":{"line":15,"column":2}},"4":{"start":{"line":7,"column":2},"end":{"line":14,"column":3}},"5":{"start":{"line":8,"column":41},"end":{"line":8,"column":49}},"6":{"start":{"line":9,"column":17},"end":{"line":9,"column":56}},"7":{"start":{"line":10,"column":18},"end":{"line":10,"column":97}},"8":{"start":{"line":11,"column":4},"end":{"line":11,"column":32}},"9":{"start":{"line":13,"column":4},"end":{"line":13,"column":72}},"10":{"start":{"line":17,"column":0},"end":{"line":27,"column":2}},"11":{"start":{"line":18,"column":2},"end":{"line":26,"column":3}},"12":{"start":{"line":19,"column":17},"end":{"line":19,"column":83}},"13":{"start":{"line":20,"column":4},"end":{"line":20,"column":76}},"14":{"start":{"line":20,"column":15},"end":{"line":20,"column":76}},"15":{"start":{"line":21,"column":4},"end":{"line":21,"column":32}},"16":{"start":{"line":22,"column":4},"end":{"line":22,"column":22}},"17":{"start":{"line":23,"column":4},"end":{"line":23,"column":55}},"18":{"start":{"line":25,"column":4},"end":{"line":25,"column":67}},"19":{"start":{"line":29,"column":0},"end":{"line":39,"column":2}},"20":{"start":{"line":30,"column":2},"end":{"line":38,"column":3}},"21":{"start":{"line":31,"column":20},"end":{"line":31,"column":64}},"22":{"start":{"line":32,"column":4},"end":{"line":32,"column":82}},"23":{"start":{"line":32,"column":18},"end":{"line":32,"column":82}},"24":{"start":{"line":33,"column":4},"end":{"line":33,"column":27}},"25":{"start":{"line":34,"column":4},"end":{"line":34,"column":25}},"26":{"start":{"line":35,"column":4},"end":{"line":35,"column":54}},"27":{"start":{"line":37,"column":4},"end":{"line":37,"column":63}},"28":{"start":{"line":41,"column":0},"end":{"line":49,"column":2}},"29":{"start":{"line":42,"column":19},"end":{"line":42,"column":59}},"30":{"start":{"line":43,"column":20},"end":{"line":47,"column":3}},"31":{"start":{"line":44,"column":4},"end":{"line":46,"column":49}},"32":{"start":{"line":48,"column":2},"end":{"line":48,"column":22}}},"fnMap":{"0":{"name":"(anonymous_0)","decl":{"start":{"line":6,"column":33},"end":{"line":6,"column":34}},"loc":{"start":{"line":6,"column":53},"end":{"line":15,"column":1}},"line":6},"1":{"name":"(anonymous_1)","decl":{"start":{"line":17,"column":28},"end":{"line":17,"column":29}},"loc":{"start":{"line":17,"column":48},"end":{"line":27,"column":1}},"line":17},"2":{"name":"(anonymous_2)","decl":{"start":{"line":29,"column":24},"end":{"line":29,"column":25}},"loc":{"start":{"line":29,"column":44},"end":{"line":39,"column":1}},"line":29},"3":{"name":"(anonymous_3)","decl":{"start":{"line":41,"column":32},"end":{"line":41,"column":33}},"loc":{"start":{"line":41,"column":53},"end":{"line":49,"column":1}},"line":41},"4":{"name":"(anonymous_4)","decl":{"start":{"line":43,"column":36},"end":{"line":43,"column":37}},"loc":{"start":{"line":44,"column":4},"end":{"line":46,"column":49}},"line":44}},"branchMap":{"0":{"loc":{"start":{"line":20,"column":4},"end":{"line":20,"column":76}},"type":"if","locations":[{"start":{"line":20,"column":4},"end":{"line":20,"column":76}},{"start":{},"end":{}}],"line":20},"1":{"loc":{"start":{"line":32,"column":4},"end":{"line":32,"column":82}},"type":"if","locations":[{"start":{"line":32,"column":4},"end":{"line":32,"column":82}},{"start":{},"end":{}}],"line":32},"2":{"loc":{"start":{"line":44,"column":4},"end":{"line":46,"column":49}},"type":"binary-expr","locations":[{"start":{"line":44,"column":4},"end":{"line":44,"column":11}},{"start":{"line":45,"column":4},"end":{"line":45,"column":52}},{"start":{"line":46,"column":5},"end":{"line":46,"column":14}},{"start":{"line":46,"column":18},"end":{"line":46,"column":48}}],"line":44}},"s":{"0":4,"1":4,"2":4,"3":4,"4":0,"5":0,"6":0,"7":0,"8":0,"9":0,"10":4,"11":0,"12":0,"13":0,"14":0,"15":0,"16":0,"17":0,"18":0,"19":4,"20":0,"21":0,"22":0,"23":0,"24":0,"25":0,"26":0,"27":0,"28":4,"29":0,"30":0,"31":0,"32":0},"f":{"0":0,"1":0,"2":0,"3":0,"4":0},"b":{"0":[0,0],"1":[0,0],"2":[0,0,0,0]},"_coverageSchema":"1a1c01bbd47fc00a2c39e90264f33305004495a9","hash":"54bb33bd9aceea3e80238f658cd3009095c62d92"}
,"C:\\Users\\Usuario\\Desktop\\hotel-management - copia\\middlewares\\auth.js": {"path":"C:\\Users\\Usuario\\Desktop\\hotel-management - copia\\middlewares\\auth.js","statementMap":{"0":{"start":{"line":2,"column":12},"end":{"line":2,"column":35}},"1":{"start":{"line":3,"column":19},"end":{"line":3,"column":59}},"2":{"start":{"line":5,"column":0},"end":{"line":31,"column":2}},"3":{"start":{"line":7,"column":19},"end":{"line":7,"column":47}},"4":{"start":{"line":8,"column":4},"end":{"line":8,"column":75}},"5":{"start":{"line":8,"column":17},"end":{"line":8,"column":75}},"6":{"start":{"line":9,"column":18},"end":{"line":9,"column":47}},"7":{"start":{"line":10,"column":4},"end":{"line":15,"column":5}},"8":{"start":{"line":11,"column":6},"end":{"line":11,"column":47}},"9":{"start":{"line":12,"column":6},"end":{"line":12,"column":13}},"10":{"start":{"line":14,"column":6},"end":{"line":14,"column":56}},"11":{"start":{"line":19,"column":4},"end":{"line":21,"column":5}},"12":{"start":{"line":20,"column":6},"end":{"line":20,"column":81}},"13":{"start":{"line":22,"column":4},"end":{"line":22,"column":11}},"14":{"start":{"line":26,"column":4},"end":{"line":28,"column":5}},"15":{"start":{"line":27,"column":6},"end":{"line":27,"column":84}},"16":{"start":{"line":29,"column":4},"end":{"line":29,"column":11}}},"fnMap":{"0":{"name":"(anonymous_0)","decl":{"start":{"line":6,"column":18},"end":{"line":6,"column":19}},"loc":{"start":{"line":6,"column":38},"end":{"line":16,"column":3}},"line":6},"1":{"name":"(anonymous_1)","decl":{"start":{"line":18,"column":18},"end":{"line":18,"column":19}},"loc":{"start":{"line":18,"column":38},"end":{"line":23,"column":3}},"line":18},"2":{"name":"(anonymous_2)","decl":{"start":{"line":25,"column":21},"end":{"line":25,"column":22}},"loc":{"start":{"line":25,"column":41},"end":{"line":30,"column":3}},"line":25}},"branchMap":{"0":{"loc":{"start":{"line":3,"column":19},"end":{"line":3,"column":59}},"type":"binary-expr","locations":[{"start":{"line":3,"column":19},"end":{"line":3,"column":41}},{"start":{"line":3,"column":45},"end":{"line":3,"column":59}}],"line":3},"1":{"loc":{"start":{"line":8,"column":4},"end":{"line":8,"column":75}},"type":"if","locations":[{"start":{"line":8,"column":4},"end":{"line":8,"column":75}},{"start":{},"end":{}}],"line":8},"2":{"loc":{"start":{"line":19,"column":4},"end":{"line":21,"column":5}},"type":"if","locations":[{"start":{"line":19,"column":4},"end":{"line":21,"column":5}},{"start":{},"end":{}}],"line":19},"3":{"loc":{"start":{"line":26,"column":4},"end":{"line":28,"column":5}},"type":"if","locations":[{"start":{"line":26,"column":4},"end":{"line":28,"column":5}},{"start":{},"end":{}}],"line":26}},"s":{"0":4,"1":4,"2":4,"3":0,"4":0,"5":0,"6":0,"7":0,"8":0,"9":0,"10":0,"11":0,"12":0,"13":0,"14":0,"15":0,"16":0},"f":{"0":0,"1":0,"2":0},"b":{"0":[4,0],"1":[0,0],"2":[0,0],"3":[0,0]},"_coverageSchema":"1a1c01bbd47fc00a2c39e90264f33305004495a9","hash":"a21a62ad8eb124c580fbc7b132792392143fc320"}
,"C:\\Users\\Usuario\\Desktop\\hotel-management - copia\\models\\Empleado.js": {"path":"C:\\Users\\Usuario\\Desktop\\hotel-management - copia\\models\\Empleado.js","statementMap":{"0":{"start":{"line":1,"column":0},"end":{"line":10,"column":4}},"1":{"start":{"line":2,"column":21},"end":{"line":7,"column":6}},"2":{"start":{"line":9,"column":4},"end":{"line":9,"column":20}}},"fnMap":{"0":{"name":"(anonymous_0)","decl":{"start":{"line":1,"column":17},"end":{"line":1,"column":18}},"loc":{"start":{"line":1,"column":43},"end":{"line":10,"column":3}},"line":1}},"branchMap":{},"s":{"0":4,"1":4,"2":4},"f":{"0":4},"b":{},"_coverageSchema":"1a1c01bbd47fc00a2c39e90264f33305004495a9","hash":"2f512f7ee54a3ceb8bd6cc53148d6ad12f3c682f"}
,"C:\\Users\\Usuario\\Desktop\\hotel-management - copia\\models\\Factura.js": {"path":"C:\\Users\\Usuario\\Desktop\\hotel-management - copia\\models\\Factura.js","statementMap":{"0":{"start":{"line":1,"column":0},"end":{"line":21,"column":4}},"1":{"start":{"line":2,"column":20},"end":{"line":7,"column":6}},"2":{"start":{"line":9,"column":4},"end":{"line":18,"column":6}},"3":{"start":{"line":10,"column":6},"end":{"line":13,"column":9}},"4":{"start":{"line":14,"column":6},"end":{"line":17,"column":9}},"5":{"start":{"line":20,"column":4},"end":{"line":20,"column":19}}},"fnMap":{"0":{"name":"(anonymous_0)","decl":{"start":{"line":1,"column":17},"end":{"line":1,"column":18}},"loc":{"start":{"line":1,"column":43},"end":{"line":21,"column":3}},"line":1},"1":{"name":"(anonymous_1)","decl":{"start":{"line":9,"column":24},"end":{"line":9,"column":25}},"loc":{"start":{"line":9,"column":41},"end":{"line":18,"column":5}},"line":9}},"branchMap":{},"s":{"0":4,"1":4,"2":4,"3":4,"4":4,"5":4},"f":{"0":4,"1":4},"b":{},"_coverageSchema":"1a1c01bbd47fc00a2c39e90264f33305004495a9","hash":"e7ea5ceb992cfb1c02e3a2b729802be2c1ad21c1"}
,"C:\\Users\\Usuario\\Desktop\\hotel-management - copia\\models\\Huesped.js": {"path":"C:\\Users\\Usuario\\Desktop\\hotel-management - copia\\models\\Huesped.js","statementMap":{"0":{"start":{"line":1,"column":0},"end":{"line":13,"column":4}},"1":{"start":{"line":2,"column":20},"end":{"line":6,"column":6}},"2":{"start":{"line":8,"column":4},"end":{"line":10,"column":6}},"3":{"start":{"line":9,"column":6},"end":{"line":9,"column":38}},"4":{"start":{"line":12,"column":4},"end":{"line":12,"column":19}}},"fnMap":{"0":{"name":"(anonymous_0)","decl":{"start":{"line":1,"column":17},"end":{"line":1,"column":18}},"loc":{"start":{"line":1,"column":43},"end":{"line":13,"column":3}},"line":1},"1":{"name":"(anonymous_1)","decl":{"start":{"line":8,"column":24},"end":{"line":8,"column":25}},"loc":{"start":{"line":8,"column":34},"end":{"line":10,"column":5}},"line":8}},"branchMap":{},"s":{"0":4,"1":4,"2":4,"3":4,"4":4},"f":{"0":4,"1":4},"b":{},"_coverageSchema":"1a1c01bbd47fc00a2c39e90264f33305004495a9","hash":"bf91cc28a2f4bb489aa059c6b662da218a7a8ff7"}
,"C:\\Users\\Usuario\\Desktop\\hotel-management - copia\\models\\Pago.js": {"path":"C:\\Users\\Usuario\\Desktop\\hotel-management - copia\\models\\Pago.js","statementMap":{"0":{"start":{"line":2,"column":0},"end":{"line":23,"column":4}},"1":{"start":{"line":3,"column":17},"end":{"line":16,"column":6}},"2":{"start":{"line":18,"column":4},"end":{"line":20,"column":6}},"3":{"start":{"line":19,"column":6},"end":{"line":19,"column":37}},"4":{"start":{"line":22,"column":4},"end":{"line":22,"column":16}}},"fnMap":{"0":{"name":"(anonymous_0)","decl":{"start":{"line":2,"column":17},"end":{"line":2,"column":18}},"loc":{"start":{"line":2,"column":43},"end":{"line":23,"column":3}},"line":2},"1":{"name":"(anonymous_1)","decl":{"start":{"line":18,"column":21},"end":{"line":18,"column":22}},"loc":{"start":{"line":18,"column":33},"end":{"line":20,"column":5}},"line":18}},"branchMap":{},"s":{"0":4,"1":4,"2":4,"3":4,"4":4},"f":{"0":4,"1":4},"b":{},"_coverageSchema":"1a1c01bbd47fc00a2c39e90264f33305004495a9","hash":"1a7bd74eaed30099e41bd9793a9179731079df2d"}
,"C:\\Users\\Usuario\\Desktop\\hotel-management - copia\\models\\habitacion.js": {"path":"C:\\Users\\Usuario\\Desktop\\hotel-management - copia\\models\\habitacion.js","statementMap":{"0":{"start":{"line":1,"column":0},"end":{"line":13,"column":4}},"1":{"start":{"line":2,"column":23},"end":{"line":6,"column":6}},"2":{"start":{"line":8,"column":4},"end":{"line":10,"column":6}},"3":{"start":{"line":9,"column":6},"end":{"line":9,"column":41}},"4":{"start":{"line":12,"column":4},"end":{"line":12,"column":22}}},"fnMap":{"0":{"name":"(anonymous_0)","decl":{"start":{"line":1,"column":17},"end":{"line":1,"column":18}},"loc":{"start":{"line":1,"column":43},"end":{"line":13,"column":3}},"line":1},"1":{"name":"(anonymous_1)","decl":{"start":{"line":8,"column":27},"end":{"line":8,"column":28}},"loc":{"start":{"line":8,"column":37},"end":{"line":10,"column":5}},"line":8}},"branchMap":{},"s":{"0":4,"1":4,"2":4,"3":4,"4":4},"f":{"0":4,"1":4},"b":{},"_coverageSchema":"1a1c01bbd47fc00a2c39e90264f33305004495a9","hash":"888a63c17f5c36d7a7a1ecf10914eecf027f7173"}
,"C:\\Users\\Usuario\\Desktop\\hotel-management - copia\\models\\index.js": {"path":"C:\\Users\\Usuario\\Desktop\\hotel-management - copia\\models\\index.js","statementMap":{"0":{"start":{"line":2,"column":18},"end":{"line":2,"column":38}},"1":{"start":{"line":3,"column":11},"end":{"line":3,"column":24}},"2":{"start":{"line":4,"column":13},"end":{"line":4,"column":28}},"3":{"start":{"line":5,"column":12},"end":{"line":5,"column":49}},"4":{"start":{"line":6,"column":15},"end":{"line":6,"column":65}},"5":{"start":{"line":8,"column":18},"end":{"line":13,"column":1}},"6":{"start":{"line":15,"column":11},"end":{"line":15,"column":13}},"7":{"start":{"line":18,"column":0},"end":{"line":23,"column":5}},"8":{"start":{"line":19,"column":18},"end":{"line":19,"column":61}},"9":{"start":{"line":21,"column":18},"end":{"line":21,"column":85}},"10":{"start":{"line":22,"column":4},"end":{"line":22,"column":27}},"11":{"start":{"line":26,"column":0},"end":{"line":30,"column":3}},"12":{"start":{"line":27,"column":2},"end":{"line":29,"column":3}},"13":{"start":{"line":28,"column":4},"end":{"line":28,"column":32}},"14":{"start":{"line":32,"column":0},"end":{"line":32,"column":25}},"15":{"start":{"line":33,"column":0},"end":{"line":33,"column":25}},"16":{"start":{"line":35,"column":0},"end":{"line":35,"column":20}}},"fnMap":{"0":{"name":"(anonymous_0)","decl":{"start":{"line":19,"column":10},"end":{"line":19,"column":11}},"loc":{"start":{"line":19,"column":18},"end":{"line":19,"column":61}},"line":19},"1":{"name":"(anonymous_1)","decl":{"start":{"line":20,"column":11},"end":{"line":20,"column":12}},"loc":{"start":{"line":20,"column":19},"end":{"line":23,"column":3}},"line":20},"2":{"name":"(anonymous_2)","decl":{"start":{"line":26,"column":24},"end":{"line":26,"column":25}},"loc":{"start":{"line":26,"column":37},"end":{"line":30,"column":1}},"line":26}},"branchMap":{"0":{"loc":{"start":{"line":5,"column":12},"end":{"line":5,"column":49}},"type":"binary-expr","locations":[{"start":{"line":5,"column":12},"end":{"line":5,"column":32}},{"start":{"line":5,"column":36},"end":{"line":5,"column":49}}],"line":5},"1":{"loc":{"start":{"line":19,"column":18},"end":{"line":19,"column":61}},"type":"binary-expr","locations":[{"start":{"line":19,"column":18},"end":{"line":19,"column":37}},{"start":{"line":19,"column":41},"end":{"line":19,"column":61}}],"line":19},"2":{"loc":{"start":{"line":27,"column":2},"end":{"line":29,"column":3}},"type":"if","locations":[{"start":{"line":27,"column":2},"end":{"line":29,"column":3}},{"start":{},"end":{}}],"line":27}},"s":{"0":4,"1":4,"2":4,"3":4,"4":4,"5":4,"6":4,"7":4,"8":28,"9":24,"10":24,"11":4,"12":24,"13":20,"14":4,"15":4,"16":4},"f":{"0":28,"1":24,"2":24},"b":{"0":[4,0],"1":[28,24],"2":[20,4]},"_coverageSchema":"1a1c01bbd47fc00a2c39e90264f33305004495a9","hash":"cd5d19c88bf74bfb5af14c3d884586c641658ad9"}
,"C:\\Users\\Usuario\\Desktop\\hotel-management - copia\\models\\reserva.js": {"path":"C:\\Users\\Usuario\\Desktop\\hotel-management - copia\\models\\reserva.js","statementMap":{"0":{"start":{"line":1,"column":0},"end":{"line":25,"column":2}},"1":{"start":{"line":2,"column":18},"end":{"line":7,"column":4}},"2":{"start":{"line":9,"column":2},"end":{"line":22,"column":4}},"3":{"start":{"line":10,"column":4},"end":{"line":13,"column":7}},"4":{"start":{"line":14,"column":4},"end":{"line":17,"column":7}},"5":{"start":{"line":18,"column":4},"end":{"line":21,"column":7}},"6":{"start":{"line":24,"column":2},"end":{"line":24,"column":17}}},"fnMap":{"0":{"name":"(anonymous_0)","decl":{"start":{"line":1,"column":17},"end":{"line":1,"column":18}},"loc":{"start":{"line":1,"column":43},"end":{"line":25,"column":1}},"line":1},"1":{"name":"(anonymous_1)","decl":{"start":{"line":9,"column":22},"end":{"line":9,"column":23}},"loc":{"start":{"line":9,"column":39},"end":{"line":22,"column":3}},"line":9}},"branchMap":{},"s":{"0":4,"1":4,"2":4,"3":4,"4":4,"5":4,"6":4},"f":{"0":4,"1":4},"b":{},"_coverageSchema":"1a1c01bbd47fc00a2c39e90264f33305004495a9","hash":"aebf9d25ca21d799e619625ca6eef0728e195d87"}
,"C:\\Users\\Usuario\\Desktop\\hotel-management - copia\\routes\\recepcionista.routes.js": {"path":"C:\\Users\\Usuario\\Desktop\\hotel-management - copia\\routes\\recepcionista.routes.js","statementMap":{"0":{"start":{"line":2,"column":16},"end":{"line":2,"column":34}},"1":{"start":{"line":3,"column":15},"end":{"line":3,"column":31}},"2":{"start":{"line":4,"column":32},"end":{"line":4,"column":82}},"3":{"start":{"line":6,"column":0},"end":{"line":6,"column":76}},"4":{"start":{"line":7,"column":0},"end":{"line":7,"column":91}},"5":{"start":{"line":10,"column":0},"end":{"line":10,"column":24}}},"fnMap":{},"branchMap":{},"s":{"0":4,"1":4,"2":4,"3":4,"4":4,"5":4},"f":{},"b":{},"_coverageSchema":"1a1c01bbd47fc00a2c39e90264f33305004495a9","hash":"0a9ff77efcfc472a082e093fc77d5cb39ab52521"}
,"C:\\Users\\Usuario\\Desktop\\hotel-management - copia\\routes\\reservas.routes.js": {"path":"C:\\Users\\Usuario\\Desktop\\hotel-management - copia\\routes\\reservas.routes.js","statementMap":{"0":{"start":{"line":2,"column":16},"end":{"line":2,"column":34}},"1":{"start":{"line":3,"column":15},"end":{"line":3,"column":31}},"2":{"start":{"line":4,"column":13},"end":{"line":4,"column":43}},"3":{"start":{"line":5,"column":13},"end":{"line":5,"column":58}},"4":{"start":{"line":7,"column":0},"end":{"line":7,"column":32}},"5":{"start":{"line":9,"column":0},"end":{"line":9,"column":60}},"6":{"start":{"line":10,"column":0},"end":{"line":10,"column":38}},"7":{"start":{"line":11,"column":0},"end":{"line":11,"column":45}},"8":{"start":{"line":12,"column":0},"end":{"line":12,"column":64}},"9":{"start":{"line":13,"column":0},"end":{"line":13,"column":65}},"10":{"start":{"line":15,"column":0},"end":{"line":15,"column":76}},"11":{"start":{"line":16,"column":0},"end":{"line":16,"column":74}},"12":{"start":{"line":18,"column":0},"end":{"line":18,"column":94}},"13":{"start":{"line":19,"column":0},"end":{"line":19,"column":78}},"14":{"start":{"line":21,"column":0},"end":{"line":21,"column":24}}},"fnMap":{},"branchMap":{},"s":{"0":4,"1":4,"2":4,"3":4,"4":4,"5":4,"6":4,"7":4,"8":4,"9":4,"10":4,"11":4,"12":4,"13":4,"14":4},"f":{},"b":{},"_coverageSchema":"1a1c01bbd47fc00a2c39e90264f33305004495a9","hash":"bdcc5bec30774c79d8fc7c8155447f7fbd60d753"}
,"C:\\Users\\Usuario\\Desktop\\hotel-management - copia\\routes\\supervisor.routes.js": {"path":"C:\\Users\\Usuario\\Desktop\\hotel-management - copia\\routes\\supervisor.routes.js","statementMap":{"0":{"start":{"line":2,"column":16},"end":{"line":2,"column":34}},"1":{"start":{"line":3,"column":15},"end":{"line":3,"column":31}},"2":{"start":{"line":4,"column":13},"end":{"line":4,"column":43}},"3":{"start":{"line":5,"column":13},"end":{"line":5,"column":60}},"4":{"start":{"line":7,"column":0},"end":{"line":7,"column":53}},"5":{"start":{"line":9,"column":0},"end":{"line":9,"column":60}},"6":{"start":{"line":10,"column":0},"end":{"line":10,"column":62}},"7":{"start":{"line":11,"column":0},"end":{"line":11,"column":63}},"8":{"start":{"line":12,"column":0},"end":{"line":12,"column":57}},"9":{"start":{"line":14,"column":0},"end":{"line":14,"column":24}}},"fnMap":{},"branchMap":{},"s":{"0":4,"1":4,"2":4,"3":4,"4":4,"5":4,"6":4,"7":4,"8":4,"9":4},"f":{},"b":{},"_coverageSchema":"1a1c01bbd47fc00a2c39e90264f33305004495a9","hash":"0c2dfc638241e6e3c38a8deee3b487493ad38a69"}
}
