{"C:\\Users\\Usuario\\Desktop\\HOTEL-MANAGEMENT-test\\app.js": {"path":"C:\\Users\\Usuario\\Desktop\\HOTEL-MANAGEMENT-test\\app.js","statementMap":{"0":{"start":{"line":1,"column":16},"end":{"line":1,"column":34}},"1":{"start":{"line":2,"column":13},"end":{"line":2,"column":28}},"2":{"start":{"line":3,"column":15},"end":{"line":3,"column":32}},"3":{"start":{"line":4,"column":27},"end":{"line":4,"column":66}},"4":{"start":{"line":5,"column":19},"end":{"line":5,"column":50}},"5":{"start":{"line":7,"column":12},"end":{"line":7,"column":21}},"6":{"start":{"line":10,"column":0},"end":{"line":10,"column":16}},"7":{"start":{"line":11,"column":0},"end":{"line":11,"column":23}},"8":{"start":{"line":12,"column":0},"end":{"line":12,"column":24}},"9":{"start":{"line":15,"column":0},"end":{"line":15,"column":33}},"10":{"start":{"line":16,"column":0},"end":{"line":16,"column":51}},"11":{"start":{"line":18,"column":0},"end":{"line":18,"column":21}}},"fnMap":{},"branchMap":{},"s":{"0":1,"1":1,"2":1,"3":1,"4":1,"5":1,"6":1,"7":1,"8":1,"9":1,"10":1,"11":1},"f":{},"b":{},"_coverageSchema":"1a1c01bbd47fc00a2c39e90264f33305004495a9","hash":"959af087db480ee51b35ac4a5ca1f94367e88322"}
,"C:\\Users\\Usuario\\Desktop\\HOTEL-MANAGEMENT-test\\server.js": {"path":"C:\\Users\\Usuario\\Desktop\\HOTEL-MANAGEMENT-test\\server.js","statementMap":{"0":{"start":{"line":2,"column":0},"end":{"line":2,"column":27}},"1":{"start":{"line":3,"column":16},"end":{"line":3,"column":34}},"2":{"start":{"line":4,"column":13},"end":{"line":4,"column":28}},"3":{"start":{"line":5,"column":12},"end":{"line":5,"column":21}},"4":{"start":{"line":6,"column":11},"end":{"line":6,"column":30}},"5":{"start":{"line":9,"column":0},"end":{"line":9,"column":16}},"6":{"start":{"line":10,"column":0},"end":{"line":10,"column":24}},"7":{"start":{"line":13,"column":23},"end":{"line":13,"column":58}},"8":{"start":{"line":14,"column":22},"end":{"line":14,"column":56}},"9":{"start":{"line":15,"column":28},"end":{"line":15,"column":68}},"10":{"start":{"line":16,"column":25},"end":{"line":16,"column":62}},"11":{"start":{"line":17,"column":22},"end":{"line":17,"column":56}},"12":{"start":{"line":20,"column":0},"end":{"line":20,"column":41}},"13":{"start":{"line":21,"column":0},"end":{"line":21,"column":40}},"14":{"start":{"line":22,"column":0},"end":{"line":22,"column":51}},"15":{"start":{"line":23,"column":0},"end":{"line":23,"column":45}},"16":{"start":{"line":24,"column":0},"end":{"line":24,"column":41}},"17":{"start":{"line":27,"column":0},"end":{"line":29,"column":3}},"18":{"start":{"line":28,"column":2},"end":{"line":28,"column":76}},"19":{"start":{"line":32,"column":0},"end":{"line":35,"column":3}},"20":{"start":{"line":33,"column":2},"end":{"line":33,"column":27}},"21":{"start":{"line":34,"column":2},"end":{"line":34,"column":70}},"22":{"start":{"line":38,"column":0},"end":{"line":51,"column":1}},"23":{"start":{"line":39,"column":15},"end":{"line":39,"column":39}},"24":{"start":{"line":40,"column":17},"end":{"line":42,"column":4}},"25":{"start":{"line":41,"column":4},"end":{"line":41,"column":56}},"26":{"start":{"line":45,"column":2},"end":{"line":50,"column":5}},"27":{"start":{"line":46,"column":4},"end":{"line":46,"column":64}},"28":{"start":{"line":47,"column":4},"end":{"line":49,"column":7}},"29":{"start":{"line":48,"column":6},"end":{"line":48,"column":40}},"30":{"start":{"line":53,"column":0},"end":{"line":53,"column":21}}},"fnMap":{"0":{"name":"(anonymous_0)","decl":{"start":{"line":27,"column":23},"end":{"line":27,"column":24}},"loc":{"start":{"line":27,"column":37},"end":{"line":29,"column":1}},"line":27},"1":{"name":"(anonymous_1)","decl":{"start":{"line":32,"column":8},"end":{"line":32,"column":9}},"loc":{"start":{"line":32,"column":33},"end":{"line":35,"column":1}},"line":32},"2":{"name":"(anonymous_2)","decl":{"start":{"line":40,"column":34},"end":{"line":40,"column":35}},"loc":{"start":{"line":40,"column":40},"end":{"line":42,"column":3}},"line":40},"3":{"name":"(anonymous_3)","decl":{"start":{"line":45,"column":24},"end":{"line":45,"column":25}},"loc":{"start":{"line":45,"column":30},"end":{"line":50,"column":3}},"line":45},"4":{"name":"(anonymous_4)","decl":{"start":{"line":47,"column":17},"end":{"line":47,"column":18}},"loc":{"start":{"line":47,"column":23},"end":{"line":49,"column":5}},"line":47}},"branchMap":{"0":{"loc":{"start":{"line":38,"column":0},"end":{"line":51,"column":1}},"type":"if","locations":[{"start":{"line":38,"column":0},"end":{"line":51,"column":1}},{"start":{},"end":{}}],"line":38},"1":{"loc":{"start":{"line":39,"column":15},"end":{"line":39,"column":39}},"type":"binary-expr","locations":[{"start":{"line":39,"column":15},"end":{"line":39,"column":31}},{"start":{"line":39,"column":35},"end":{"line":39,"column":39}}],"line":39}},"s":{"0":4,"1":4,"2":4,"3":4,"4":4,"5":4,"6":4,"7":4,"8":4,"9":4,"10":4,"11":4,"12":4,"13":4,"14":4,"15":4,"16":4,"17":4,"18":0,"19":4,"20":0,"21":0,"22":4,"23":0,"24":0,"25":0,"26":0,"27":0,"28":0,"29":0,"30":4},"f":{"0":0,"1":0,"2":0,"3":0,"4":0},"b":{"0":[0,4],"1":[0,0]},"_coverageSchema":"1a1c01bbd47fc00a2c39e90264f33305004495a9","hash":"35820d4a44f36d95adfabbb3cb797c6daec3b35d"}
,"C:\\Users\\Usuario\\Desktop\\HOTEL-MANAGEMENT-test\\config\\database.js": {"path":"C:\\Users\\Usuario\\Desktop\\HOTEL-MANAGEMENT-test\\config\\database.js","statementMap":{"0":{"start":{"line":1,"column":22},"end":{"line":1,"column":42}},"1":{"start":{"line":4,"column":18},"end":{"line":15,"column":2}},"2":{"start":{"line":18,"column":0},"end":{"line":24,"column":5}},"3":{"start":{"line":20,"column":4},"end":{"line":20,"column":46}},"4":{"start":{"line":23,"column":4},"end":{"line":23,"column":65}},"5":{"start":{"line":26,"column":0},"end":{"line":26,"column":27}}},"fnMap":{"0":{"name":"(anonymous_0)","decl":{"start":{"line":19,"column":8},"end":{"line":19,"column":9}},"loc":{"start":{"line":19,"column":14},"end":{"line":21,"column":3}},"line":19},"1":{"name":"(anonymous_1)","decl":{"start":{"line":22,"column":9},"end":{"line":22,"column":10}},"loc":{"start":{"line":22,"column":16},"end":{"line":24,"column":3}},"line":22}},"branchMap":{},"s":{"0":3,"1":3,"2":3,"3":3,"4":0,"5":3},"f":{"0":3,"1":0},"b":{},"_coverageSchema":"1a1c01bbd47fc00a2c39e90264f33305004495a9","hash":"a6078bd09710dd7eeb2e6200ee7e9b00b9bcda90"}
,"C:\\Users\\Usuario\\Desktop\\HOTEL-MANAGEMENT-test\\controllers\\auth.controller.js": {"path":"C:\\Users\\Usuario\\Desktop\\HOTEL-MANAGEMENT-test\\controllers\\auth.controller.js","statementMap":{"0":{"start":{"line":1,"column":12},"end":{"line":1,"column":35}},"1":{"start":{"line":2,"column":20},"end":{"line":2,"column":40}},"2":{"start":{"line":4,"column":19},"end":{"line":4,"column":61}},"3":{"start":{"line":6,"column":0},"end":{"line":35,"column":2}},"4":{"start":{"line":7,"column":2},"end":{"line":34,"column":3}},"5":{"start":{"line":8,"column":32},"end":{"line":8,"column":40}},"6":{"start":{"line":10,"column":20},"end":{"line":10,"column":63}},"7":{"start":{"line":11,"column":4},"end":{"line":13,"column":5}},"8":{"start":{"line":12,"column":6},"end":{"line":12,"column":71}},"9":{"start":{"line":15,"column":27},"end":{"line":15,"column":66}},"10":{"start":{"line":16,"column":4},"end":{"line":18,"column":5}},"11":{"start":{"line":17,"column":6},"end":{"line":17,"column":71}},"12":{"start":{"line":20,"column":18},"end":{"line":28,"column":5}},"13":{"start":{"line":30,"column":4},"end":{"line":30,"column":24}},"14":{"start":{"line":32,"column":4},"end":{"line":32,"column":44}},"15":{"start":{"line":33,"column":4},"end":{"line":33,"column":63}}},"fnMap":{"0":{"name":"(anonymous_0)","decl":{"start":{"line":6,"column":16},"end":{"line":6,"column":17}},"loc":{"start":{"line":6,"column":36},"end":{"line":35,"column":1}},"line":6}},"branchMap":{"0":{"loc":{"start":{"line":4,"column":19},"end":{"line":4,"column":61}},"type":"binary-expr","locations":[{"start":{"line":4,"column":19},"end":{"line":4,"column":41}},{"start":{"line":4,"column":45},"end":{"line":4,"column":61}}],"line":4},"1":{"loc":{"start":{"line":11,"column":4},"end":{"line":13,"column":5}},"type":"if","locations":[{"start":{"line":11,"column":4},"end":{"line":13,"column":5}},{"start":{},"end":{}}],"line":11},"2":{"loc":{"start":{"line":16,"column":4},"end":{"line":18,"column":5}},"type":"if","locations":[{"start":{"line":16,"column":4},"end":{"line":18,"column":5}},{"start":{},"end":{}}],"line":16}},"s":{"0":1,"1":1,"2":1,"3":1,"4":2,"5":2,"6":2,"7":2,"8":0,"9":2,"10":2,"11":0,"12":2,"13":2,"14":0,"15":0},"f":{"0":2},"b":{"0":[1,1],"1":[0,2],"2":[0,2]},"_coverageSchema":"1a1c01bbd47fc00a2c39e90264f33305004495a9","hash":"5f568794ef6b15da4731a40b3704bcd656605a8f"}
,"C:\\Users\\Usuario\\Desktop\\HOTEL-MANAGEMENT-test\\controllers\\factura.controller.js": {"path":"C:\\Users\\Usuario\\Desktop\\HOTEL-MANAGEMENT-test\\controllers\\factura.controller.js","statementMap":{"0":{"start":{"line":1,"column":38},"end":{"line":1,"column":58}},"1":{"start":{"line":2,"column":11},"end":{"line":2,"column":31}},"2":{"start":{"line":3,"column":14},"end":{"line":3,"column":30}},"3":{"start":{"line":5,"column":26},"end":{"line":147,"column":1}},"4":{"start":{"line":8,"column":4},"end":{"line":26,"column":5}},"5":{"start":{"line":9,"column":23},"end":{"line":21,"column":8}},"6":{"start":{"line":22,"column":6},"end":{"line":22,"column":37}},"7":{"start":{"line":24,"column":6},"end":{"line":24,"column":59}},"8":{"start":{"line":25,"column":6},"end":{"line":25,"column":77}},"9":{"start":{"line":31,"column":4},"end":{"line":52,"column":5}},"10":{"start":{"line":32,"column":28},"end":{"line":32,"column":38}},"11":{"start":{"line":33,"column":23},"end":{"line":46,"column":8}},"12":{"start":{"line":48,"column":6},"end":{"line":48,"column":37}},"13":{"start":{"line":50,"column":6},"end":{"line":50,"column":71}},"14":{"start":{"line":51,"column":6},"end":{"line":51,"column":111}},"15":{"start":{"line":57,"column":4},"end":{"line":81,"column":5}},"16":{"start":{"line":58,"column":28},"end":{"line":58,"column":38}},"17":{"start":{"line":59,"column":22},"end":{"line":71,"column":8}},"18":{"start":{"line":73,"column":6},"end":{"line":75,"column":7}},"19":{"start":{"line":74,"column":8},"end":{"line":74,"column":92}},"20":{"start":{"line":77,"column":6},"end":{"line":77,"column":36}},"21":{"start":{"line":79,"column":6},"end":{"line":79,"column":58}},"22":{"start":{"line":80,"column":6},"end":{"line":80,"column":114}},"23":{"start":{"line":86,"column":4},"end":{"line":103,"column":5}},"24":{"start":{"line":87,"column":28},"end":{"line":87,"column":38}},"25":{"start":{"line":88,"column":22},"end":{"line":88,"column":58}},"26":{"start":{"line":90,"column":6},"end":{"line":92,"column":7}},"27":{"start":{"line":91,"column":8},"end":{"line":91,"column":90}},"28":{"start":{"line":94,"column":6},"end":{"line":97,"column":8}},"29":{"start":{"line":99,"column":6},"end":{"line":99,"column":84}},"30":{"start":{"line":101,"column":6},"end":{"line":101,"column":55}},"31":{"start":{"line":102,"column":6},"end":{"line":102,"column":102}},"32":{"start":{"line":107,"column":4},"end":{"line":145,"column":5}},"33":{"start":{"line":108,"column":28},"end":{"line":108,"column":38}},"34":{"start":{"line":109,"column":29},"end":{"line":109,"column":37}},"35":{"start":{"line":111,"column":22},"end":{"line":116,"column":8}},"36":{"start":{"line":118,"column":6},"end":{"line":120,"column":7}},"37":{"start":{"line":119,"column":8},"end":{"line":119,"column":140}},"38":{"start":{"line":122,"column":6},"end":{"line":124,"column":7}},"39":{"start":{"line":123,"column":8},"end":{"line":123,"column":122}},"40":{"start":{"line":126,"column":27},"end":{"line":126,"column":94}},"41":{"start":{"line":127,"column":20},"end":{"line":127,"column":64}},"42":{"start":{"line":129,"column":22},"end":{"line":133,"column":8}},"43":{"start":{"line":135,"column":6},"end":{"line":135,"column":53}},"44":{"start":{"line":136,"column":6},"end":{"line":136,"column":60}},"45":{"start":{"line":138,"column":6},"end":{"line":141,"column":9}},"46":{"start":{"line":143,"column":6},"end":{"line":143,"column":59}},"47":{"start":{"line":144,"column":6},"end":{"line":144,"column":100}},"48":{"start":{"line":149,"column":0},"end":{"line":149,"column":35}}},"fnMap":{"0":{"name":"(anonymous_0)","decl":{"start":{"line":7,"column":21},"end":{"line":7,"column":22}},"loc":{"start":{"line":7,"column":41},"end":{"line":27,"column":3}},"line":7},"1":{"name":"(anonymous_1)","decl":{"start":{"line":30,"column":31},"end":{"line":30,"column":32}},"loc":{"start":{"line":30,"column":51},"end":{"line":53,"column":3}},"line":30},"2":{"name":"(anonymous_2)","decl":{"start":{"line":56,"column":20},"end":{"line":56,"column":21}},"loc":{"start":{"line":56,"column":40},"end":{"line":82,"column":3}},"line":56},"3":{"name":"(anonymous_3)","decl":{"start":{"line":85,"column":17},"end":{"line":85,"column":18}},"loc":{"start":{"line":85,"column":37},"end":{"line":104,"column":3}},"line":85},"4":{"name":"(anonymous_4)","decl":{"start":{"line":106,"column":35},"end":{"line":106,"column":36}},"loc":{"start":{"line":106,"column":55},"end":{"line":146,"column":3}},"line":106}},"branchMap":{"0":{"loc":{"start":{"line":73,"column":6},"end":{"line":75,"column":7}},"type":"if","locations":[{"start":{"line":73,"column":6},"end":{"line":75,"column":7}},{"start":{},"end":{}}],"line":73},"1":{"loc":{"start":{"line":90,"column":6},"end":{"line":92,"column":7}},"type":"if","locations":[{"start":{"line":90,"column":6},"end":{"line":92,"column":7}},{"start":{},"end":{}}],"line":90},"2":{"loc":{"start":{"line":118,"column":6},"end":{"line":120,"column":7}},"type":"if","locations":[{"start":{"line":118,"column":6},"end":{"line":120,"column":7}},{"start":{},"end":{}}],"line":118},"3":{"loc":{"start":{"line":122,"column":6},"end":{"line":124,"column":7}},"type":"if","locations":[{"start":{"line":122,"column":6},"end":{"line":124,"column":7}},{"start":{},"end":{}}],"line":122}},"s":{"0":4,"1":4,"2":4,"3":4,"4":2,"5":2,"6":1,"7":1,"8":1,"9":2,"10":2,"11":2,"12":1,"13":1,"14":1,"15":3,"16":3,"17":3,"18":2,"19":1,"20":1,"21":1,"22":1,"23":3,"24":3,"25":3,"26":3,"27":1,"28":2,"29":1,"30":1,"31":1,"32":0,"33":0,"34":0,"35":0,"36":0,"37":0,"38":0,"39":0,"40":0,"41":0,"42":0,"43":0,"44":0,"45":0,"46":0,"47":0,"48":4},"f":{"0":2,"1":2,"2":3,"3":3,"4":0},"b":{"0":[1,1],"1":[1,2],"2":[0,0],"3":[0,0]},"_coverageSchema":"1a1c01bbd47fc00a2c39e90264f33305004495a9","hash":"eb7f6751690c22e53c31021574f91aed01ebcfe2"}
,"C:\\Users\\Usuario\\Desktop\\HOTEL-MANAGEMENT-test\\controllers\\huesped.controller.js": {"path":"C:\\Users\\Usuario\\Desktop\\HOTEL-MANAGEMENT-test\\controllers\\huesped.controller.js","statementMap":{"0":{"start":{"line":1,"column":20},"end":{"line":1,"column":40}},"1":{"start":{"line":3,"column":0},"end":{"line":28,"column":2}},"2":{"start":{"line":4,"column":2},"end":{"line":27,"column":3}},"3":{"start":{"line":5,"column":42},"end":{"line":5,"column":50}},"4":{"start":{"line":7,"column":4},"end":{"line":9,"column":5}},"5":{"start":{"line":8,"column":6},"end":{"line":8,"column":90}},"6":{"start":{"line":11,"column":20},"end":{"line":15,"column":6}},"7":{"start":{"line":17,"column":4},"end":{"line":20,"column":7}},"8":{"start":{"line":22,"column":4},"end":{"line":24,"column":5}},"9":{"start":{"line":23,"column":6},"end":{"line":23,"column":89}},"10":{"start":{"line":25,"column":4},"end":{"line":25,"column":56}},"11":{"start":{"line":26,"column":4},"end":{"line":26,"column":88}},"12":{"start":{"line":30,"column":0},"end":{"line":38,"column":2}},"13":{"start":{"line":31,"column":2},"end":{"line":37,"column":3}},"14":{"start":{"line":32,"column":22},"end":{"line":32,"column":45}},"15":{"start":{"line":33,"column":4},"end":{"line":33,"column":47}},"16":{"start":{"line":35,"column":4},"end":{"line":35,"column":56}},"17":{"start":{"line":36,"column":4},"end":{"line":36,"column":89}}},"fnMap":{"0":{"name":"(anonymous_0)","decl":{"start":{"line":3,"column":27},"end":{"line":3,"column":28}},"loc":{"start":{"line":3,"column":47},"end":{"line":28,"column":1}},"line":3},"1":{"name":"(anonymous_1)","decl":{"start":{"line":30,"column":27},"end":{"line":30,"column":28}},"loc":{"start":{"line":30,"column":47},"end":{"line":38,"column":1}},"line":30}},"branchMap":{"0":{"loc":{"start":{"line":7,"column":4},"end":{"line":9,"column":5}},"type":"if","locations":[{"start":{"line":7,"column":4},"end":{"line":9,"column":5}},{"start":{},"end":{}}],"line":7},"1":{"loc":{"start":{"line":7,"column":8},"end":{"line":7,"column":29}},"type":"binary-expr","locations":[{"start":{"line":7,"column":8},"end":{"line":7,"column":15}},{"start":{"line":7,"column":19},"end":{"line":7,"column":29}}],"line":7},"2":{"loc":{"start":{"line":22,"column":4},"end":{"line":24,"column":5}},"type":"if","locations":[{"start":{"line":22,"column":4},"end":{"line":24,"column":5}},{"start":{},"end":{}}],"line":22}},"s":{"0":4,"1":4,"2":3,"3":3,"4":3,"5":1,"6":2,"7":1,"8":1,"9":1,"10":0,"11":0,"12":4,"13":1,"14":1,"15":1,"16":0,"17":0},"f":{"0":3,"1":1},"b":{"0":[1,2],"1":[3,2],"2":[1,0]},"_coverageSchema":"1a1c01bbd47fc00a2c39e90264f33305004495a9","hash":"8636ad16fd1ea289a4ca185edc44e5ac6ff61213"}
,"C:\\Users\\Usuario\\Desktop\\HOTEL-MANAGEMENT-test\\controllers\\notificacion.controller.js": {"path":"C:\\Users\\Usuario\\Desktop\\HOTEL-MANAGEMENT-test\\controllers\\notificacion.controller.js","statementMap":{"0":{"start":{"line":1,"column":34},"end":{"line":1,"column":54}},"1":{"start":{"line":2,"column":15},"end":{"line":2,"column":35}},"2":{"start":{"line":4,"column":31},"end":{"line":94,"column":1}},"3":{"start":{"line":8,"column":8},"end":{"line":34,"column":9}},"4":{"start":{"line":9,"column":45},"end":{"line":9,"column":53}},"5":{"start":{"line":11,"column":12},"end":{"line":15,"column":13}},"6":{"start":{"line":12,"column":16},"end":{"line":14,"column":19}},"7":{"start":{"line":17,"column":33},"end":{"line":22,"column":14}},"8":{"start":{"line":24,"column":12},"end":{"line":27,"column":15}},"9":{"start":{"line":30,"column":12},"end":{"line":30,"column":65}},"10":{"start":{"line":31,"column":12},"end":{"line":33,"column":15}},"11":{"start":{"line":39,"column":8},"end":{"line":54,"column":9}},"12":{"start":{"line":40,"column":35},"end":{"line":45,"column":14}},"13":{"start":{"line":47,"column":12},"end":{"line":47,"column":37}},"14":{"start":{"line":50,"column":12},"end":{"line":50,"column":69}},"15":{"start":{"line":51,"column":12},"end":{"line":53,"column":15}},"16":{"start":{"line":59,"column":8},"end":{"line":92,"column":9}},"17":{"start":{"line":60,"column":27},"end":{"line":60,"column":37}},"18":{"start":{"line":61,"column":31},"end":{"line":61,"column":39}},"19":{"start":{"line":64,"column":33},"end":{"line":64,"column":64}},"20":{"start":{"line":66,"column":12},"end":{"line":70,"column":13}},"21":{"start":{"line":67,"column":16},"end":{"line":69,"column":19}},"22":{"start":{"line":73,"column":12},"end":{"line":77,"column":13}},"23":{"start":{"line":74,"column":16},"end":{"line":76,"column":19}},"24":{"start":{"line":80,"column":12},"end":{"line":80,"column":50}},"25":{"start":{"line":82,"column":12},"end":{"line":85,"column":15}},"26":{"start":{"line":88,"column":12},"end":{"line":88,"column":70}},"27":{"start":{"line":89,"column":12},"end":{"line":91,"column":15}},"28":{"start":{"line":96,"column":0},"end":{"line":96,"column":40}}},"fnMap":{"0":{"name":"(anonymous_0)","decl":{"start":{"line":7,"column":4},"end":{"line":7,"column":5}},"loc":{"start":{"line":7,"column":38},"end":{"line":35,"column":5}},"line":7},"1":{"name":"(anonymous_1)","decl":{"start":{"line":38,"column":4},"end":{"line":38,"column":5}},"loc":{"start":{"line":38,"column":52},"end":{"line":55,"column":5}},"line":38},"2":{"name":"(anonymous_2)","decl":{"start":{"line":58,"column":4},"end":{"line":58,"column":5}},"loc":{"start":{"line":58,"column":49},"end":{"line":93,"column":5}},"line":58}},"branchMap":{"0":{"loc":{"start":{"line":11,"column":12},"end":{"line":15,"column":13}},"type":"if","locations":[{"start":{"line":11,"column":12},"end":{"line":15,"column":13}},{"start":{},"end":{}}],"line":11},"1":{"loc":{"start":{"line":11,"column":16},"end":{"line":11,"column":43}},"type":"binary-expr","locations":[{"start":{"line":11,"column":16},"end":{"line":11,"column":24}},{"start":{"line":11,"column":28},"end":{"line":11,"column":33}},{"start":{"line":11,"column":37},"end":{"line":11,"column":43}}],"line":11},"2":{"loc":{"start":{"line":66,"column":12},"end":{"line":70,"column":13}},"type":"if","locations":[{"start":{"line":66,"column":12},"end":{"line":70,"column":13}},{"start":{},"end":{}}],"line":66},"3":{"loc":{"start":{"line":73,"column":12},"end":{"line":77,"column":13}},"type":"if","locations":[{"start":{"line":73,"column":12},"end":{"line":77,"column":13}},{"start":{},"end":{}}],"line":73}},"s":{"0":1,"1":1,"2":1,"3":1,"4":1,"5":1,"6":0,"7":1,"8":1,"9":0,"10":0,"11":1,"12":1,"13":1,"14":0,"15":0,"16":1,"17":1,"18":1,"19":1,"20":1,"21":0,"22":1,"23":0,"24":1,"25":1,"26":0,"27":0,"28":1},"f":{"0":1,"1":1,"2":1},"b":{"0":[0,1],"1":[1,1,1],"2":[0,1],"3":[0,1]},"_coverageSchema":"1a1c01bbd47fc00a2c39e90264f33305004495a9","hash":"dbaf7d10f2127c6e252fd8c8e9b504f22eb2ca17"}
,"C:\\Users\\Usuario\\Desktop\\HOTEL-MANAGEMENT-test\\controllers\\recepcionista.controller.js": {"path":"C:\\Users\\Usuario\\Desktop\\HOTEL-MANAGEMENT-test\\controllers\\recepcionista.controller.js","statementMap":{"0":{"start":{"line":1,"column":11},"end":{"line":1,"column":31}},"1":{"start":{"line":2,"column":14},"end":{"line":2,"column":30}},"2":{"start":{"line":4,"column":34},"end":{"line":35,"column":1}},"3":{"start":{"line":5,"column":2},"end":{"line":34,"column":3}},"4":{"start":{"line":6,"column":67},"end":{"line":6,"column":75}},"5":{"start":{"line":8,"column":4},"end":{"line":10,"column":5}},"6":{"start":{"line":9,"column":6},"end":{"line":9,"column":113}},"7":{"start":{"line":12,"column":23},"end":{"line":12,"column":65}},"8":{"start":{"line":13,"column":4},"end":{"line":15,"column":5}},"9":{"start":{"line":14,"column":6},"end":{"line":14,"column":113}},"10":{"start":{"line":17,"column":20},"end":{"line":23,"column":6}},"11":{"start":{"line":25,"column":4},"end":{"line":25,"column":87}},"12":{"start":{"line":27,"column":4},"end":{"line":30,"column":7}},"13":{"start":{"line":32,"column":4},"end":{"line":32,"column":52}},"14":{"start":{"line":33,"column":4},"end":{"line":33,"column":115}},"15":{"start":{"line":37,"column":37},"end":{"line":61,"column":1}},"16":{"start":{"line":38,"column":2},"end":{"line":60,"column":3}},"17":{"start":{"line":39,"column":26},"end":{"line":39,"column":36}},"18":{"start":{"line":41,"column":20},"end":{"line":43,"column":6}},"19":{"start":{"line":45,"column":4},"end":{"line":47,"column":5}},"20":{"start":{"line":46,"column":6},"end":{"line":46,"column":90}},"21":{"start":{"line":49,"column":4},"end":{"line":51,"column":5}},"22":{"start":{"line":50,"column":6},"end":{"line":50,"column":102}},"23":{"start":{"line":53,"column":4},"end":{"line":53,"column":82}},"24":{"start":{"line":54,"column":4},"end":{"line":54,"column":95}},"25":{"start":{"line":56,"column":4},"end":{"line":56,"column":86}},"26":{"start":{"line":58,"column":4},"end":{"line":58,"column":56}},"27":{"start":{"line":59,"column":4},"end":{"line":59,"column":119}},"28":{"start":{"line":63,"column":0},"end":{"line":66,"column":2}}},"fnMap":{"0":{"name":"(anonymous_0)","decl":{"start":{"line":4,"column":34},"end":{"line":4,"column":35}},"loc":{"start":{"line":4,"column":54},"end":{"line":35,"column":1}},"line":4},"1":{"name":"(anonymous_1)","decl":{"start":{"line":37,"column":37},"end":{"line":37,"column":38}},"loc":{"start":{"line":37,"column":57},"end":{"line":61,"column":1}},"line":37}},"branchMap":{"0":{"loc":{"start":{"line":8,"column":4},"end":{"line":10,"column":5}},"type":"if","locations":[{"start":{"line":8,"column":4},"end":{"line":10,"column":5}},{"start":{},"end":{}}],"line":8},"1":{"loc":{"start":{"line":8,"column":8},"end":{"line":8,"column":68}},"type":"binary-expr","locations":[{"start":{"line":8,"column":8},"end":{"line":8,"column":21}},{"start":{"line":8,"column":25},"end":{"line":8,"column":35}},{"start":{"line":8,"column":39},"end":{"line":8,"column":52}},{"start":{"line":8,"column":56},"end":{"line":8,"column":68}}],"line":8},"2":{"loc":{"start":{"line":13,"column":4},"end":{"line":15,"column":5}},"type":"if","locations":[{"start":{"line":13,"column":4},"end":{"line":15,"column":5}},{"start":{},"end":{}}],"line":13},"3":{"loc":{"start":{"line":13,"column":8},"end":{"line":13,"column":45}},"type":"binary-expr","locations":[{"start":{"line":13,"column":8},"end":{"line":13,"column":19}},{"start":{"line":13,"column":23},"end":{"line":13,"column":45}}],"line":13},"4":{"loc":{"start":{"line":45,"column":4},"end":{"line":47,"column":5}},"type":"if","locations":[{"start":{"line":45,"column":4},"end":{"line":47,"column":5}},{"start":{},"end":{}}],"line":45},"5":{"loc":{"start":{"line":49,"column":4},"end":{"line":51,"column":5}},"type":"if","locations":[{"start":{"line":49,"column":4},"end":{"line":51,"column":5}},{"start":{},"end":{}}],"line":49}},"s":{"0":4,"1":4,"2":4,"3":3,"4":3,"5":3,"6":1,"7":2,"8":2,"9":1,"10":1,"11":1,"12":1,"13":0,"14":0,"15":4,"16":2,"17":2,"18":2,"19":2,"20":0,"21":2,"22":1,"23":1,"24":1,"25":1,"26":0,"27":0,"28":4},"f":{"0":3,"1":2},"b":{"0":[1,2],"1":[3,2,2,2],"2":[1,1],"3":[2,2],"4":[0,2],"5":[1,1]},"_coverageSchema":"1a1c01bbd47fc00a2c39e90264f33305004495a9","hash":"1548a6ae8737469b1fed8fd7dd6ef05887039c43"}
,"C:\\Users\\Usuario\\Desktop\\HOTEL-MANAGEMENT-test\\controllers\\reservas.controller.js": {"path":"C:\\Users\\Usuario\\Desktop\\HOTEL-MANAGEMENT-test\\controllers\\reservas.controller.js","statementMap":{"0":{"start":{"line":1,"column":50},"end":{"line":1,"column":70}},"1":{"start":{"line":2,"column":14},"end":{"line":2,"column":30}},"2":{"start":{"line":3,"column":15},"end":{"line":3,"column":35}},"3":{"start":{"line":5,"column":0},"end":{"line":36,"column":2}},"4":{"start":{"line":6,"column":2},"end":{"line":35,"column":3}},"5":{"start":{"line":7,"column":67},"end":{"line":7,"column":75}},"6":{"start":{"line":9,"column":4},"end":{"line":11,"column":5}},"7":{"start":{"line":10,"column":6},"end":{"line":10,"column":113}},"8":{"start":{"line":13,"column":23},"end":{"line":13,"column":62}},"9":{"start":{"line":14,"column":4},"end":{"line":16,"column":5}},"10":{"start":{"line":15,"column":6},"end":{"line":15,"column":113}},"11":{"start":{"line":18,"column":20},"end":{"line":24,"column":6}},"12":{"start":{"line":26,"column":4},"end":{"line":26,"column":84}},"13":{"start":{"line":28,"column":4},"end":{"line":31,"column":7}},"14":{"start":{"line":33,"column":4},"end":{"line":33,"column":52}},"15":{"start":{"line":34,"column":4},"end":{"line":34,"column":115}},"16":{"start":{"line":38,"column":0},"end":{"line":51,"column":2}},"17":{"start":{"line":39,"column":2},"end":{"line":50,"column":3}},"18":{"start":{"line":40,"column":21},"end":{"line":45,"column":6}},"19":{"start":{"line":46,"column":4},"end":{"line":46,"column":39}},"20":{"start":{"line":48,"column":4},"end":{"line":48,"column":59}},"21":{"start":{"line":49,"column":4},"end":{"line":49,"column":109}},"22":{"start":{"line":53,"column":0},"end":{"line":70,"column":2}},"23":{"start":{"line":54,"column":17},"end":{"line":54,"column":27}},"24":{"start":{"line":55,"column":2},"end":{"line":69,"column":3}},"25":{"start":{"line":56,"column":20},"end":{"line":61,"column":6}},"26":{"start":{"line":62,"column":4},"end":{"line":64,"column":5}},"27":{"start":{"line":63,"column":6},"end":{"line":63,"column":73}},"28":{"start":{"line":65,"column":4},"end":{"line":65,"column":38}},"29":{"start":{"line":67,"column":4},"end":{"line":67,"column":57}},"30":{"start":{"line":68,"column":4},"end":{"line":68,"column":70}},"31":{"start":{"line":72,"column":0},"end":{"line":93,"column":2}},"32":{"start":{"line":73,"column":17},"end":{"line":73,"column":27}},"33":{"start":{"line":74,"column":40},"end":{"line":74,"column":48}},"34":{"start":{"line":75,"column":2},"end":{"line":92,"column":3}},"35":{"start":{"line":76,"column":20},"end":{"line":76,"column":46}},"36":{"start":{"line":77,"column":4},"end":{"line":79,"column":5}},"37":{"start":{"line":78,"column":6},"end":{"line":78,"column":73}},"38":{"start":{"line":81,"column":4},"end":{"line":81,"column":75}},"39":{"start":{"line":82,"column":31},"end":{"line":87,"column":6}},"40":{"start":{"line":88,"column":4},"end":{"line":88,"column":58}},"41":{"start":{"line":90,"column":4},"end":{"line":90,"column":60}},"42":{"start":{"line":91,"column":4},"end":{"line":91,"column":73}},"43":{"start":{"line":95,"column":0},"end":{"line":114,"column":2}},"44":{"start":{"line":96,"column":17},"end":{"line":96,"column":27}},"45":{"start":{"line":97,"column":2},"end":{"line":113,"column":3}},"46":{"start":{"line":98,"column":20},"end":{"line":98,"column":46}},"47":{"start":{"line":99,"column":4},"end":{"line":101,"column":5}},"48":{"start":{"line":100,"column":6},"end":{"line":100,"column":73}},"49":{"start":{"line":104,"column":4},"end":{"line":106,"column":5}},"50":{"start":{"line":105,"column":6},"end":{"line":105,"column":93}},"51":{"start":{"line":108,"column":4},"end":{"line":108,"column":45}},"52":{"start":{"line":109,"column":4},"end":{"line":109,"column":59}},"53":{"start":{"line":111,"column":4},"end":{"line":111,"column":58}},"54":{"start":{"line":112,"column":4},"end":{"line":112,"column":71}},"55":{"start":{"line":116,"column":0},"end":{"line":150,"column":2}},"56":{"start":{"line":117,"column":2},"end":{"line":149,"column":3}},"57":{"start":{"line":118,"column":26},"end":{"line":118,"column":36}},"58":{"start":{"line":119,"column":34},"end":{"line":119,"column":42}},"59":{"start":{"line":121,"column":20},"end":{"line":123,"column":6}},"60":{"start":{"line":125,"column":4},"end":{"line":127,"column":5}},"61":{"start":{"line":126,"column":6},"end":{"line":126,"column":117}},"62":{"start":{"line":129,"column":4},"end":{"line":131,"column":5}},"63":{"start":{"line":130,"column":6},"end":{"line":130,"column":86}},"64":{"start":{"line":133,"column":4},"end":{"line":133,"column":51}},"65":{"start":{"line":134,"column":4},"end":{"line":134,"column":58}},"66":{"start":{"line":136,"column":20},"end":{"line":140,"column":6}},"67":{"start":{"line":142,"column":4},"end":{"line":145,"column":7}},"68":{"start":{"line":147,"column":4},"end":{"line":147,"column":57}},"69":{"start":{"line":148,"column":4},"end":{"line":148,"column":120}},"70":{"start":{"line":152,"column":0},"end":{"line":169,"column":2}},"71":{"start":{"line":153,"column":24},"end":{"line":153,"column":34}},"72":{"start":{"line":154,"column":2},"end":{"line":168,"column":3}},"73":{"start":{"line":155,"column":21},"end":{"line":163,"column":6}},"74":{"start":{"line":164,"column":4},"end":{"line":164,"column":39}},"75":{"start":{"line":166,"column":4},"end":{"line":166,"column":73}},"76":{"start":{"line":167,"column":4},"end":{"line":167,"column":86}},"77":{"start":{"line":171,"column":0},"end":{"line":179,"column":2}},"78":{"start":{"line":172,"column":2},"end":{"line":178,"column":3}},"79":{"start":{"line":173,"column":36},"end":{"line":173,"column":93}},"80":{"start":{"line":174,"column":4},"end":{"line":174,"column":54}},"81":{"start":{"line":176,"column":4},"end":{"line":176,"column":66}},"82":{"start":{"line":177,"column":4},"end":{"line":177,"column":101}},"83":{"start":{"line":181,"column":0},"end":{"line":196,"column":2}},"84":{"start":{"line":182,"column":24},"end":{"line":182,"column":33}},"85":{"start":{"line":183,"column":2},"end":{"line":195,"column":3}},"86":{"start":{"line":184,"column":4},"end":{"line":186,"column":5}},"87":{"start":{"line":185,"column":6},"end":{"line":185,"column":120}},"88":{"start":{"line":187,"column":20},"end":{"line":187,"column":67}},"89":{"start":{"line":188,"column":4},"end":{"line":190,"column":5}},"90":{"start":{"line":189,"column":6},"end":{"line":189,"column":112}},"91":{"start":{"line":191,"column":4},"end":{"line":191,"column":38}},"92":{"start":{"line":193,"column":4},"end":{"line":193,"column":56}},"93":{"start":{"line":194,"column":4},"end":{"line":194,"column":111}}},"fnMap":{"0":{"name":"(anonymous_0)","decl":{"start":{"line":5,"column":23},"end":{"line":5,"column":24}},"loc":{"start":{"line":5,"column":43},"end":{"line":36,"column":1}},"line":5},"1":{"name":"(anonymous_1)","decl":{"start":{"line":38,"column":26},"end":{"line":38,"column":27}},"loc":{"start":{"line":38,"column":46},"end":{"line":51,"column":1}},"line":38},"2":{"name":"(anonymous_2)","decl":{"start":{"line":53,"column":30},"end":{"line":53,"column":31}},"loc":{"start":{"line":53,"column":50},"end":{"line":70,"column":1}},"line":53},"3":{"name":"(anonymous_3)","decl":{"start":{"line":72,"column":28},"end":{"line":72,"column":29}},"loc":{"start":{"line":72,"column":48},"end":{"line":93,"column":1}},"line":72},"4":{"name":"(anonymous_4)","decl":{"start":{"line":95,"column":26},"end":{"line":95,"column":27}},"loc":{"start":{"line":95,"column":46},"end":{"line":114,"column":1}},"line":95},"5":{"name":"(anonymous_5)","decl":{"start":{"line":116,"column":27},"end":{"line":116,"column":28}},"loc":{"start":{"line":116,"column":47},"end":{"line":150,"column":1}},"line":116},"6":{"name":"(anonymous_6)","decl":{"start":{"line":152,"column":35},"end":{"line":152,"column":36}},"loc":{"start":{"line":152,"column":55},"end":{"line":169,"column":1}},"line":152},"7":{"name":"(anonymous_7)","decl":{"start":{"line":171,"column":34},"end":{"line":171,"column":35}},"loc":{"start":{"line":171,"column":55},"end":{"line":179,"column":1}},"line":171},"8":{"name":"(anonymous_8)","decl":{"start":{"line":181,"column":24},"end":{"line":181,"column":25}},"loc":{"start":{"line":181,"column":44},"end":{"line":196,"column":1}},"line":181}},"branchMap":{"0":{"loc":{"start":{"line":9,"column":4},"end":{"line":11,"column":5}},"type":"if","locations":[{"start":{"line":9,"column":4},"end":{"line":11,"column":5}},{"start":{},"end":{}}],"line":9},"1":{"loc":{"start":{"line":9,"column":8},"end":{"line":9,"column":68}},"type":"binary-expr","locations":[{"start":{"line":9,"column":8},"end":{"line":9,"column":21}},{"start":{"line":9,"column":25},"end":{"line":9,"column":35}},{"start":{"line":9,"column":39},"end":{"line":9,"column":52}},{"start":{"line":9,"column":56},"end":{"line":9,"column":68}}],"line":9},"2":{"loc":{"start":{"line":14,"column":4},"end":{"line":16,"column":5}},"type":"if","locations":[{"start":{"line":14,"column":4},"end":{"line":16,"column":5}},{"start":{},"end":{}}],"line":14},"3":{"loc":{"start":{"line":14,"column":8},"end":{"line":14,"column":45}},"type":"binary-expr","locations":[{"start":{"line":14,"column":8},"end":{"line":14,"column":19}},{"start":{"line":14,"column":23},"end":{"line":14,"column":45}}],"line":14},"4":{"loc":{"start":{"line":62,"column":4},"end":{"line":64,"column":5}},"type":"if","locations":[{"start":{"line":62,"column":4},"end":{"line":64,"column":5}},{"start":{},"end":{}}],"line":62},"5":{"loc":{"start":{"line":77,"column":4},"end":{"line":79,"column":5}},"type":"if","locations":[{"start":{"line":77,"column":4},"end":{"line":79,"column":5}},{"start":{},"end":{}}],"line":77},"6":{"loc":{"start":{"line":99,"column":4},"end":{"line":101,"column":5}},"type":"if","locations":[{"start":{"line":99,"column":4},"end":{"line":101,"column":5}},{"start":{},"end":{}}],"line":99},"7":{"loc":{"start":{"line":104,"column":4},"end":{"line":106,"column":5}},"type":"if","locations":[{"start":{"line":104,"column":4},"end":{"line":106,"column":5}},{"start":{},"end":{}}],"line":104},"8":{"loc":{"start":{"line":125,"column":4},"end":{"line":127,"column":5}},"type":"if","locations":[{"start":{"line":125,"column":4},"end":{"line":127,"column":5}},{"start":{},"end":{}}],"line":125},"9":{"loc":{"start":{"line":129,"column":4},"end":{"line":131,"column":5}},"type":"if","locations":[{"start":{"line":129,"column":4},"end":{"line":131,"column":5}},{"start":{},"end":{}}],"line":129},"10":{"loc":{"start":{"line":184,"column":4},"end":{"line":186,"column":5}},"type":"if","locations":[{"start":{"line":184,"column":4},"end":{"line":186,"column":5}},{"start":{},"end":{}}],"line":184},"11":{"loc":{"start":{"line":188,"column":4},"end":{"line":190,"column":5}},"type":"if","locations":[{"start":{"line":188,"column":4},"end":{"line":190,"column":5}},{"start":{},"end":{}}],"line":188}},"s":{"0":4,"1":4,"2":4,"3":4,"4":3,"5":3,"6":3,"7":1,"8":2,"9":2,"10":1,"11":1,"12":1,"13":1,"14":0,"15":0,"16":4,"17":0,"18":0,"19":0,"20":0,"21":0,"22":4,"23":0,"24":0,"25":0,"26":0,"27":0,"28":0,"29":0,"30":0,"31":4,"32":0,"33":0,"34":0,"35":0,"36":0,"37":0,"38":0,"39":0,"40":0,"41":0,"42":0,"43":4,"44":0,"45":0,"46":0,"47":0,"48":0,"49":0,"50":0,"51":0,"52":0,"53":0,"54":0,"55":4,"56":2,"57":2,"58":2,"59":2,"60":2,"61":1,"62":1,"63":0,"64":1,"65":1,"66":1,"67":1,"68":0,"69":0,"70":4,"71":0,"72":0,"73":0,"74":0,"75":0,"76":0,"77":4,"78":0,"79":0,"80":0,"81":0,"82":0,"83":4,"84":0,"85":0,"86":0,"87":0,"88":0,"89":0,"90":0,"91":0,"92":0,"93":0},"f":{"0":3,"1":0,"2":0,"3":0,"4":0,"5":2,"6":0,"7":0,"8":0},"b":{"0":[1,2],"1":[3,2,2,2],"2":[1,1],"3":[2,2],"4":[0,0],"5":[0,0],"6":[0,0],"7":[0,0],"8":[1,1],"9":[0,1],"10":[0,0],"11":[0,0]},"_coverageSchema":"1a1c01bbd47fc00a2c39e90264f33305004495a9","hash":"d59780116f376db202ba08eb55a91e1eb4115007"}
,"C:\\Users\\Usuario\\Desktop\\HOTEL-MANAGEMENT-test\\controllers\\supervisor.controller.js": {"path":"C:\\Users\\Usuario\\Desktop\\HOTEL-MANAGEMENT-test\\controllers\\supervisor.controller.js","statementMap":{"0":{"start":{"line":2,"column":36},"end":{"line":2,"column":56}},"1":{"start":{"line":3,"column":15},"end":{"line":3,"column":32}},"2":{"start":{"line":4,"column":19},"end":{"line":4,"column":21}},"3":{"start":{"line":6,"column":0},"end":{"line":31,"column":2}},"4":{"start":{"line":7,"column":2},"end":{"line":30,"column":3}},"5":{"start":{"line":8,"column":41},"end":{"line":8,"column":49}},"6":{"start":{"line":9,"column":4},"end":{"line":11,"column":5}},"7":{"start":{"line":10,"column":6},"end":{"line":10,"column":72}},"8":{"start":{"line":14,"column":30},"end":{"line":14,"column":75}},"9":{"start":{"line":15,"column":4},"end":{"line":17,"column":5}},"10":{"start":{"line":16,"column":6},"end":{"line":16,"column":77}},"11":{"start":{"line":19,"column":17},"end":{"line":19,"column":56}},"12":{"start":{"line":20,"column":18},"end":{"line":25,"column":6}},"13":{"start":{"line":26,"column":4},"end":{"line":26,"column":32}},"14":{"start":{"line":28,"column":4},"end":{"line":28,"column":62}},"15":{"start":{"line":29,"column":4},"end":{"line":29,"column":72}},"16":{"start":{"line":33,"column":0},"end":{"line":62,"column":2}},"17":{"start":{"line":34,"column":2},"end":{"line":61,"column":3}},"18":{"start":{"line":35,"column":17},"end":{"line":41,"column":6}},"19":{"start":{"line":43,"column":4},"end":{"line":45,"column":5}},"20":{"start":{"line":44,"column":6},"end":{"line":44,"column":67}},"21":{"start":{"line":47,"column":4},"end":{"line":49,"column":5}},"22":{"start":{"line":48,"column":6},"end":{"line":48,"column":79}},"23":{"start":{"line":51,"column":4},"end":{"line":51,"column":49}},"24":{"start":{"line":53,"column":4},"end":{"line":55,"column":5}},"25":{"start":{"line":54,"column":6},"end":{"line":54,"column":51}},"26":{"start":{"line":57,"column":4},"end":{"line":57,"column":55}},"27":{"start":{"line":59,"column":4},"end":{"line":59,"column":57}},"28":{"start":{"line":60,"column":4},"end":{"line":60,"column":67}},"29":{"start":{"line":64,"column":0},"end":{"line":82,"column":2}},"30":{"start":{"line":65,"column":2},"end":{"line":81,"column":3}},"31":{"start":{"line":66,"column":20},"end":{"line":66,"column":64}},"32":{"start":{"line":67,"column":4},"end":{"line":69,"column":5}},"33":{"start":{"line":68,"column":6},"end":{"line":68,"column":70}},"34":{"start":{"line":71,"column":4},"end":{"line":73,"column":5}},"35":{"start":{"line":72,"column":6},"end":{"line":72,"column":75}},"36":{"start":{"line":75,"column":4},"end":{"line":75,"column":44}},"37":{"start":{"line":77,"column":4},"end":{"line":77,"column":54}},"38":{"start":{"line":79,"column":4},"end":{"line":79,"column":53}},"39":{"start":{"line":80,"column":4},"end":{"line":80,"column":63}},"40":{"start":{"line":84,"column":0},"end":{"line":105,"column":2}},"41":{"start":{"line":85,"column":2},"end":{"line":104,"column":3}},"42":{"start":{"line":86,"column":21},"end":{"line":92,"column":6}},"43":{"start":{"line":94,"column":22},"end":{"line":98,"column":6}},"44":{"start":{"line":95,"column":6},"end":{"line":95,"column":56}},"45":{"start":{"line":95,"column":44},"end":{"line":95,"column":56}},"46":{"start":{"line":96,"column":26},"end":{"line":96,"column":70}},"47":{"start":{"line":96,"column":53},"end":{"line":96,"column":66}},"48":{"start":{"line":97,"column":6},"end":{"line":97,"column":115}},"49":{"start":{"line":97,"column":87},"end":{"line":97,"column":112}},"50":{"start":{"line":100,"column":4},"end":{"line":100,"column":24}},"51":{"start":{"line":102,"column":4},"end":{"line":102,"column":61}},"52":{"start":{"line":103,"column":4},"end":{"line":103,"column":71}}},"fnMap":{"0":{"name":"(anonymous_0)","decl":{"start":{"line":6,"column":33},"end":{"line":6,"column":34}},"loc":{"start":{"line":6,"column":53},"end":{"line":31,"column":1}},"line":6},"1":{"name":"(anonymous_1)","decl":{"start":{"line":33,"column":28},"end":{"line":33,"column":29}},"loc":{"start":{"line":33,"column":48},"end":{"line":62,"column":1}},"line":33},"2":{"name":"(anonymous_2)","decl":{"start":{"line":64,"column":24},"end":{"line":64,"column":25}},"loc":{"start":{"line":64,"column":44},"end":{"line":82,"column":1}},"line":64},"3":{"name":"(anonymous_3)","decl":{"start":{"line":84,"column":32},"end":{"line":84,"column":33}},"loc":{"start":{"line":84,"column":52},"end":{"line":105,"column":1}},"line":84},"4":{"name":"(anonymous_4)","decl":{"start":{"line":94,"column":38},"end":{"line":94,"column":39}},"loc":{"start":{"line":94,"column":43},"end":{"line":98,"column":5}},"line":94},"5":{"name":"(anonymous_5)","decl":{"start":{"line":96,"column":41},"end":{"line":96,"column":42}},"loc":{"start":{"line":96,"column":53},"end":{"line":96,"column":66}},"line":96},"6":{"name":"(anonymous_6)","decl":{"start":{"line":97,"column":82},"end":{"line":97,"column":83}},"loc":{"start":{"line":97,"column":87},"end":{"line":97,"column":112}},"line":97}},"branchMap":{"0":{"loc":{"start":{"line":9,"column":4},"end":{"line":11,"column":5}},"type":"if","locations":[{"start":{"line":9,"column":4},"end":{"line":11,"column":5}},{"start":{},"end":{}}],"line":9},"1":{"loc":{"start":{"line":9,"column":8},"end":{"line":9,"column":39}},"type":"binary-expr","locations":[{"start":{"line":9,"column":8},"end":{"line":9,"column":15}},{"start":{"line":9,"column":19},"end":{"line":9,"column":26}},{"start":{"line":9,"column":30},"end":{"line":9,"column":39}}],"line":9},"2":{"loc":{"start":{"line":15,"column":4},"end":{"line":17,"column":5}},"type":"if","locations":[{"start":{"line":15,"column":4},"end":{"line":17,"column":5}},{"start":{},"end":{}}],"line":15},"3":{"loc":{"start":{"line":43,"column":4},"end":{"line":45,"column":5}},"type":"if","locations":[{"start":{"line":43,"column":4},"end":{"line":45,"column":5}},{"start":{},"end":{}}],"line":43},"4":{"loc":{"start":{"line":47,"column":4},"end":{"line":49,"column":5}},"type":"if","locations":[{"start":{"line":47,"column":4},"end":{"line":49,"column":5}},{"start":{},"end":{}}],"line":47},"5":{"loc":{"start":{"line":53,"column":4},"end":{"line":55,"column":5}},"type":"if","locations":[{"start":{"line":53,"column":4},"end":{"line":55,"column":5}},{"start":{},"end":{}}],"line":53},"6":{"loc":{"start":{"line":67,"column":4},"end":{"line":69,"column":5}},"type":"if","locations":[{"start":{"line":67,"column":4},"end":{"line":69,"column":5}},{"start":{},"end":{}}],"line":67},"7":{"loc":{"start":{"line":71,"column":4},"end":{"line":73,"column":5}},"type":"if","locations":[{"start":{"line":71,"column":4},"end":{"line":73,"column":5}},{"start":{},"end":{}}],"line":71},"8":{"loc":{"start":{"line":95,"column":6},"end":{"line":95,"column":56}},"type":"if","locations":[{"start":{"line":95,"column":6},"end":{"line":95,"column":56}},{"start":{},"end":{}}],"line":95},"9":{"loc":{"start":{"line":95,"column":10},"end":{"line":95,"column":42}},"type":"binary-expr","locations":[{"start":{"line":95,"column":10},"end":{"line":95,"column":18}},{"start":{"line":95,"column":22},"end":{"line":95,"column":42}}],"line":95},"10":{"loc":{"start":{"line":97,"column":13},"end":{"line":97,"column":114}},"type":"binary-expr","locations":[{"start":{"line":97,"column":13},"end":{"line":97,"column":51}},{"start":{"line":97,"column":56},"end":{"line":97,"column":65}},{"start":{"line":97,"column":69},"end":{"line":97,"column":113}}],"line":97}},"s":{"0":5,"1":5,"2":5,"3":5,"4":3,"5":3,"6":3,"7":1,"8":2,"9":2,"10":1,"11":1,"12":1,"13":1,"14":0,"15":0,"16":5,"17":3,"18":3,"19":3,"20":1,"21":2,"22":1,"23":1,"24":1,"25":1,"26":1,"27":0,"28":0,"29":5,"30":3,"31":3,"32":3,"33":1,"34":2,"35":1,"36":1,"37":1,"38":0,"39":0,"40":5,"41":2,"42":2,"43":1,"44":2,"45":0,"46":2,"47":3,"48":2,"49":0,"50":1,"51":1,"52":1},"f":{"0":3,"1":3,"2":3,"3":2,"4":2,"5":3,"6":0},"b":{"0":[1,2],"1":[3,3,2],"2":[1,1],"3":[1,2],"4":[1,1],"5":[1,0],"6":[1,2],"7":[1,1],"8":[0,2],"9":[2,2],"10":[2,1,0]},"_coverageSchema":"1a1c01bbd47fc00a2c39e90264f33305004495a9","hash":"530c4b056b872fcc2ecbfa83f081b4e73903c8c1"}
,"C:\\Users\\Usuario\\Desktop\\HOTEL-MANAGEMENT-test\\middleware\\auth.js": {"path":"C:\\Users\\Usuario\\Desktop\\HOTEL-MANAGEMENT-test\\middleware\\auth.js","statementMap":{"0":{"start":{"line":1,"column":12},"end":{"line":1,"column":35}},"1":{"start":{"line":2,"column":20},"end":{"line":2,"column":40}},"2":{"start":{"line":4,"column":19},"end":{"line":4,"column":61}},"3":{"start":{"line":6,"column":23},"end":{"line":25,"column":1}},"4":{"start":{"line":7,"column":2},"end":{"line":24,"column":3}},"5":{"start":{"line":8,"column":18},"end":{"line":8,"column":58}},"6":{"start":{"line":9,"column":4},"end":{"line":11,"column":5}},"7":{"start":{"line":10,"column":6},"end":{"line":10,"column":71}},"8":{"start":{"line":13,"column":20},"end":{"line":13,"column":49}},"9":{"start":{"line":14,"column":20},"end":{"line":14,"column":54}},"10":{"start":{"line":15,"column":4},"end":{"line":17,"column":5}},"11":{"start":{"line":16,"column":6},"end":{"line":16,"column":70}},"12":{"start":{"line":19,"column":4},"end":{"line":19,"column":26}},"13":{"start":{"line":20,"column":4},"end":{"line":20,"column":11}},"14":{"start":{"line":22,"column":4},"end":{"line":22,"column":54}},"15":{"start":{"line":23,"column":4},"end":{"line":23,"column":61}},"16":{"start":{"line":27,"column":21},"end":{"line":32,"column":1}},"17":{"start":{"line":28,"column":2},"end":{"line":30,"column":3}},"18":{"start":{"line":29,"column":4},"end":{"line":29,"column":93}},"19":{"start":{"line":31,"column":2},"end":{"line":31,"column":9}},"20":{"start":{"line":34,"column":24},"end":{"line":39,"column":1}},"21":{"start":{"line":35,"column":2},"end":{"line":37,"column":3}},"22":{"start":{"line":36,"column":4},"end":{"line":36,"column":96}},"23":{"start":{"line":38,"column":2},"end":{"line":38,"column":9}},"24":{"start":{"line":41,"column":0},"end":{"line":45,"column":2}}},"fnMap":{"0":{"name":"(anonymous_0)","decl":{"start":{"line":6,"column":23},"end":{"line":6,"column":24}},"loc":{"start":{"line":6,"column":49},"end":{"line":25,"column":1}},"line":6},"1":{"name":"(anonymous_1)","decl":{"start":{"line":27,"column":21},"end":{"line":27,"column":22}},"loc":{"start":{"line":27,"column":41},"end":{"line":32,"column":1}},"line":27},"2":{"name":"(anonymous_2)","decl":{"start":{"line":34,"column":24},"end":{"line":34,"column":25}},"loc":{"start":{"line":34,"column":44},"end":{"line":39,"column":1}},"line":34}},"branchMap":{"0":{"loc":{"start":{"line":4,"column":19},"end":{"line":4,"column":61}},"type":"binary-expr","locations":[{"start":{"line":4,"column":19},"end":{"line":4,"column":41}},{"start":{"line":4,"column":45},"end":{"line":4,"column":61}}],"line":4},"1":{"loc":{"start":{"line":9,"column":4},"end":{"line":11,"column":5}},"type":"if","locations":[{"start":{"line":9,"column":4},"end":{"line":11,"column":5}},{"start":{},"end":{}}],"line":9},"2":{"loc":{"start":{"line":15,"column":4},"end":{"line":17,"column":5}},"type":"if","locations":[{"start":{"line":15,"column":4},"end":{"line":17,"column":5}},{"start":{},"end":{}}],"line":15},"3":{"loc":{"start":{"line":28,"column":2},"end":{"line":30,"column":3}},"type":"if","locations":[{"start":{"line":28,"column":2},"end":{"line":30,"column":3}},{"start":{},"end":{}}],"line":28},"4":{"loc":{"start":{"line":35,"column":2},"end":{"line":37,"column":3}},"type":"if","locations":[{"start":{"line":35,"column":2},"end":{"line":37,"column":3}},{"start":{},"end":{}}],"line":35}},"s":{"0":1,"1":1,"2":1,"3":1,"4":3,"5":3,"6":3,"7":0,"8":3,"9":3,"10":3,"11":0,"12":3,"13":3,"14":0,"15":0,"16":1,"17":2,"18":0,"19":2,"20":1,"21":0,"22":0,"23":0,"24":1},"f":{"0":3,"1":2,"2":0},"b":{"0":[1,1],"1":[0,3],"2":[0,3],"3":[0,2],"4":[0,0]},"_coverageSchema":"1a1c01bbd47fc00a2c39e90264f33305004495a9","hash":"ac514c0148bf3fc797d7e55dc07d3c87a5a78607"}
,"C:\\Users\\Usuario\\Desktop\\HOTEL-MANAGEMENT-test\\middlewares\\auth.js": {"path":"C:\\Users\\Usuario\\Desktop\\HOTEL-MANAGEMENT-test\\middlewares\\auth.js","statementMap":{"0":{"start":{"line":2,"column":12},"end":{"line":2,"column":35}},"1":{"start":{"line":3,"column":19},"end":{"line":3,"column":59}},"2":{"start":{"line":4,"column":20},"end":{"line":4,"column":40}},"3":{"start":{"line":6,"column":0},"end":{"line":56,"column":2}},"4":{"start":{"line":8,"column":19},"end":{"line":8,"column":47}},"5":{"start":{"line":9,"column":4},"end":{"line":9,"column":75}},"6":{"start":{"line":9,"column":17},"end":{"line":9,"column":75}},"7":{"start":{"line":10,"column":18},"end":{"line":10,"column":47}},"8":{"start":{"line":11,"column":4},"end":{"line":16,"column":5}},"9":{"start":{"line":12,"column":6},"end":{"line":12,"column":47}},"10":{"start":{"line":13,"column":6},"end":{"line":13,"column":13}},"11":{"start":{"line":15,"column":6},"end":{"line":15,"column":56}},"12":{"start":{"line":20,"column":4},"end":{"line":22,"column":5}},"13":{"start":{"line":21,"column":6},"end":{"line":21,"column":81}},"14":{"start":{"line":23,"column":4},"end":{"line":23,"column":11}},"15":{"start":{"line":27,"column":4},"end":{"line":54,"column":5}},"16":{"start":{"line":28,"column":20},"end":{"line":28,"column":60}},"17":{"start":{"line":30,"column":6},"end":{"line":32,"column":7}},"18":{"start":{"line":31,"column":8},"end":{"line":31,"column":91}},"19":{"start":{"line":35,"column":6},"end":{"line":37,"column":7}},"20":{"start":{"line":36,"column":8},"end":{"line":36,"column":22}},"21":{"start":{"line":39,"column":22},"end":{"line":39,"column":63}},"22":{"start":{"line":40,"column":22},"end":{"line":40,"column":56}},"23":{"start":{"line":42,"column":6},"end":{"line":44,"column":7}},"24":{"start":{"line":43,"column":8},"end":{"line":43,"column":94}},"25":{"start":{"line":46,"column":6},"end":{"line":46,"column":28}},"26":{"start":{"line":47,"column":6},"end":{"line":47,"column":13}},"27":{"start":{"line":49,"column":6},"end":{"line":51,"column":7}},"28":{"start":{"line":50,"column":8},"end":{"line":50,"column":65}},"29":{"start":{"line":52,"column":6},"end":{"line":52,"column":54}},"30":{"start":{"line":53,"column":6},"end":{"line":53,"column":67}}},"fnMap":{"0":{"name":"(anonymous_0)","decl":{"start":{"line":7,"column":18},"end":{"line":7,"column":19}},"loc":{"start":{"line":7,"column":38},"end":{"line":17,"column":3}},"line":7},"1":{"name":"(anonymous_1)","decl":{"start":{"line":19,"column":18},"end":{"line":19,"column":19}},"loc":{"start":{"line":19,"column":38},"end":{"line":24,"column":3}},"line":19},"2":{"name":"(anonymous_2)","decl":{"start":{"line":26,"column":21},"end":{"line":26,"column":22}},"loc":{"start":{"line":26,"column":47},"end":{"line":55,"column":3}},"line":26}},"branchMap":{"0":{"loc":{"start":{"line":3,"column":19},"end":{"line":3,"column":59}},"type":"binary-expr","locations":[{"start":{"line":3,"column":19},"end":{"line":3,"column":41}},{"start":{"line":3,"column":45},"end":{"line":3,"column":59}}],"line":3},"1":{"loc":{"start":{"line":9,"column":4},"end":{"line":9,"column":75}},"type":"if","locations":[{"start":{"line":9,"column":4},"end":{"line":9,"column":75}},{"start":{},"end":{}}],"line":9},"2":{"loc":{"start":{"line":20,"column":4},"end":{"line":22,"column":5}},"type":"if","locations":[{"start":{"line":20,"column":4},"end":{"line":22,"column":5}},{"start":{},"end":{}}],"line":20},"3":{"loc":{"start":{"line":30,"column":6},"end":{"line":32,"column":7}},"type":"if","locations":[{"start":{"line":30,"column":6},"end":{"line":32,"column":7}},{"start":{},"end":{}}],"line":30},"4":{"loc":{"start":{"line":35,"column":6},"end":{"line":37,"column":7}},"type":"if","locations":[{"start":{"line":35,"column":6},"end":{"line":37,"column":7}},{"start":{},"end":{}}],"line":35},"5":{"loc":{"start":{"line":35,"column":10},"end":{"line":35,"column":67}},"type":"binary-expr","locations":[{"start":{"line":35,"column":10},"end":{"line":35,"column":41}},{"start":{"line":35,"column":45},"end":{"line":35,"column":67}}],"line":35},"6":{"loc":{"start":{"line":42,"column":6},"end":{"line":44,"column":7}},"type":"if","locations":[{"start":{"line":42,"column":6},"end":{"line":44,"column":7}},{"start":{},"end":{}}],"line":42},"7":{"loc":{"start":{"line":42,"column":10},"end":{"line":42,"column":53}},"type":"binary-expr","locations":[{"start":{"line":42,"column":10},"end":{"line":42,"column":18}},{"start":{"line":42,"column":22},"end":{"line":42,"column":53}}],"line":42},"8":{"loc":{"start":{"line":49,"column":6},"end":{"line":51,"column":7}},"type":"if","locations":[{"start":{"line":49,"column":6},"end":{"line":51,"column":7}},{"start":{},"end":{}}],"line":49}},"s":{"0":2,"1":2,"2":2,"3":2,"4":0,"5":0,"6":0,"7":0,"8":0,"9":0,"10":0,"11":0,"12":0,"13":0,"14":0,"15":4,"16":4,"17":4,"18":0,"19":4,"20":4,"21":0,"22":0,"23":0,"24":0,"25":0,"26":0,"27":0,"28":0,"29":0,"30":0},"f":{"0":0,"1":0,"2":4},"b":{"0":[2,0],"1":[0,0],"2":[0,0],"3":[0,4],"4":[4,0],"5":[4,4],"6":[0,0],"7":[0,0],"8":[0,0]},"_coverageSchema":"1a1c01bbd47fc00a2c39e90264f33305004495a9","hash":"2e9008369ec2c3684bdf49e2ac3aa93e891937a9"}
,"C:\\Users\\Usuario\\Desktop\\HOTEL-MANAGEMENT-test\\models\\Empleado.js": {"path":"C:\\Users\\Usuario\\Desktop\\HOTEL-MANAGEMENT-test\\models\\Empleado.js","statementMap":{"0":{"start":{"line":1,"column":29},"end":{"line":1,"column":49}},"1":{"start":{"line":5,"column":4},"end":{"line":13,"column":7}},"2":{"start":{"line":21,"column":0},"end":{"line":21,"column":26}}},"fnMap":{"0":{"name":"(anonymous_0)","decl":{"start":{"line":4,"column":2},"end":{"line":4,"column":3}},"loc":{"start":{"line":4,"column":25},"end":{"line":14,"column":3}},"line":4},"1":{"name":"(anonymous_1)","decl":{"start":{"line":16,"column":2},"end":{"line":16,"column":3}},"loc":{"start":{"line":16,"column":27},"end":{"line":18,"column":3}},"line":16}},"branchMap":{},"s":{"0":3,"1":3,"2":3},"f":{"0":3,"1":3},"b":{},"_coverageSchema":"1a1c01bbd47fc00a2c39e90264f33305004495a9","hash":"b6381030a524b588bbf3322f75302d802c85520f"}
,"C:\\Users\\Usuario\\Desktop\\HOTEL-MANAGEMENT-test\\models\\Factura.js": {"path":"C:\\Users\\Usuario\\Desktop\\HOTEL-MANAGEMENT-test\\models\\Factura.js","statementMap":{"0":{"start":{"line":1,"column":29},"end":{"line":1,"column":49}},"1":{"start":{"line":5,"column":4},"end":{"line":16,"column":7}},"2":{"start":{"line":20,"column":4},"end":{"line":23,"column":7}},"3":{"start":{"line":24,"column":4},"end":{"line":27,"column":7}},"4":{"start":{"line":31,"column":0},"end":{"line":31,"column":25}}},"fnMap":{"0":{"name":"(anonymous_0)","decl":{"start":{"line":4,"column":2},"end":{"line":4,"column":3}},"loc":{"start":{"line":4,"column":25},"end":{"line":17,"column":3}},"line":4},"1":{"name":"(anonymous_1)","decl":{"start":{"line":19,"column":2},"end":{"line":19,"column":3}},"loc":{"start":{"line":19,"column":27},"end":{"line":28,"column":3}},"line":19}},"branchMap":{},"s":{"0":3,"1":3,"2":3,"3":3,"4":3},"f":{"0":3,"1":3},"b":{},"_coverageSchema":"1a1c01bbd47fc00a2c39e90264f33305004495a9","hash":"9fbe2bbb30cba28e218068eac5fcd84a8aa3fce5"}
,"C:\\Users\\Usuario\\Desktop\\HOTEL-MANAGEMENT-test\\models\\Huesped.js": {"path":"C:\\Users\\Usuario\\Desktop\\HOTEL-MANAGEMENT-test\\models\\Huesped.js","statementMap":{"0":{"start":{"line":1,"column":0},"end":{"line":13,"column":4}},"1":{"start":{"line":2,"column":20},"end":{"line":6,"column":6}},"2":{"start":{"line":8,"column":4},"end":{"line":10,"column":6}},"3":{"start":{"line":9,"column":6},"end":{"line":9,"column":38}},"4":{"start":{"line":12,"column":4},"end":{"line":12,"column":19}}},"fnMap":{"0":{"name":"(anonymous_0)","decl":{"start":{"line":1,"column":17},"end":{"line":1,"column":18}},"loc":{"start":{"line":1,"column":43},"end":{"line":13,"column":3}},"line":1},"1":{"name":"(anonymous_1)","decl":{"start":{"line":8,"column":24},"end":{"line":8,"column":25}},"loc":{"start":{"line":8,"column":34},"end":{"line":10,"column":5}},"line":8}},"branchMap":{},"s":{"0":3,"1":3,"2":3,"3":3,"4":3},"f":{"0":3,"1":3},"b":{},"_coverageSchema":"1a1c01bbd47fc00a2c39e90264f33305004495a9","hash":"806ba994240680e6e56324a435dc640ca458e994"}
,"C:\\Users\\Usuario\\Desktop\\HOTEL-MANAGEMENT-test\\models\\Pago.js": {"path":"C:\\Users\\Usuario\\Desktop\\HOTEL-MANAGEMENT-test\\models\\Pago.js","statementMap":{"0":{"start":{"line":2,"column":29},"end":{"line":2,"column":49}},"1":{"start":{"line":6,"column":4},"end":{"line":26,"column":7}},"2":{"start":{"line":30,"column":4},"end":{"line":33,"column":7}},"3":{"start":{"line":37,"column":0},"end":{"line":37,"column":22}}},"fnMap":{"0":{"name":"(anonymous_0)","decl":{"start":{"line":5,"column":2},"end":{"line":5,"column":3}},"loc":{"start":{"line":5,"column":25},"end":{"line":27,"column":3}},"line":5},"1":{"name":"(anonymous_1)","decl":{"start":{"line":29,"column":2},"end":{"line":29,"column":3}},"loc":{"start":{"line":29,"column":27},"end":{"line":34,"column":3}},"line":29}},"branchMap":{},"s":{"0":3,"1":3,"2":3,"3":3},"f":{"0":3,"1":3},"b":{},"_coverageSchema":"1a1c01bbd47fc00a2c39e90264f33305004495a9","hash":"da852936fe181f8c23baba126b3d677fe0cd3288"}
,"C:\\Users\\Usuario\\Desktop\\HOTEL-MANAGEMENT-test\\models\\habitacion.js": {"path":"C:\\Users\\Usuario\\Desktop\\HOTEL-MANAGEMENT-test\\models\\habitacion.js","statementMap":{"0":{"start":{"line":1,"column":29},"end":{"line":1,"column":49}},"1":{"start":{"line":5,"column":4},"end":{"line":12,"column":7}},"2":{"start":{"line":16,"column":4},"end":{"line":16,"column":39}},"3":{"start":{"line":20,"column":0},"end":{"line":20,"column":28}}},"fnMap":{"0":{"name":"(anonymous_0)","decl":{"start":{"line":4,"column":2},"end":{"line":4,"column":3}},"loc":{"start":{"line":4,"column":25},"end":{"line":13,"column":3}},"line":4},"1":{"name":"(anonymous_1)","decl":{"start":{"line":15,"column":2},"end":{"line":15,"column":3}},"loc":{"start":{"line":15,"column":27},"end":{"line":17,"column":3}},"line":15}},"branchMap":{},"s":{"0":3,"1":3,"2":3,"3":3},"f":{"0":3,"1":3},"b":{},"_coverageSchema":"1a1c01bbd47fc00a2c39e90264f33305004495a9","hash":"34fe0236fa9bb1368338a8c352d27a2e5a105b03"}
,"C:\\Users\\Usuario\\Desktop\\HOTEL-MANAGEMENT-test\\models\\index.js": {"path":"C:\\Users\\Usuario\\Desktop\\HOTEL-MANAGEMENT-test\\models\\index.js","statementMap":{"0":{"start":{"line":2,"column":11},"end":{"line":2,"column":24}},"1":{"start":{"line":3,"column":13},"end":{"line":3,"column":28}},"2":{"start":{"line":4,"column":18},"end":{"line":4,"column":38}},"3":{"start":{"line":5,"column":18},"end":{"line":5,"column":38}},"4":{"start":{"line":6,"column":18},"end":{"line":6,"column":47}},"5":{"start":{"line":8,"column":11},"end":{"line":8,"column":13}},"6":{"start":{"line":11,"column":19},"end":{"line":12,"column":62}},"7":{"start":{"line":12,"column":18},"end":{"line":12,"column":61}},"8":{"start":{"line":15,"column":0},"end":{"line":26,"column":1}},"9":{"start":{"line":16,"column":16},"end":{"line":16,"column":51}},"10":{"start":{"line":17,"column":2},"end":{"line":25,"column":3}},"11":{"start":{"line":19,"column":4},"end":{"line":19,"column":47}},"12":{"start":{"line":20,"column":4},"end":{"line":20,"column":27}},"13":{"start":{"line":21,"column":9},"end":{"line":25,"column":3}},"14":{"start":{"line":23,"column":26},"end":{"line":23,"column":63}},"15":{"start":{"line":24,"column":4},"end":{"line":24,"column":43}},"16":{"start":{"line":29,"column":0},"end":{"line":33,"column":3}},"17":{"start":{"line":30,"column":2},"end":{"line":32,"column":3}},"18":{"start":{"line":31,"column":4},"end":{"line":31,"column":32}},"19":{"start":{"line":35,"column":0},"end":{"line":35,"column":25}},"20":{"start":{"line":36,"column":0},"end":{"line":36,"column":25}},"21":{"start":{"line":38,"column":0},"end":{"line":38,"column":20}}},"fnMap":{"0":{"name":"(anonymous_0)","decl":{"start":{"line":12,"column":10},"end":{"line":12,"column":11}},"loc":{"start":{"line":12,"column":18},"end":{"line":12,"column":61}},"line":12},"1":{"name":"(anonymous_1)","decl":{"start":{"line":29,"column":24},"end":{"line":29,"column":25}},"loc":{"start":{"line":29,"column":37},"end":{"line":33,"column":1}},"line":29}},"branchMap":{"0":{"loc":{"start":{"line":12,"column":18},"end":{"line":12,"column":61}},"type":"binary-expr","locations":[{"start":{"line":12,"column":18},"end":{"line":12,"column":37}},{"start":{"line":12,"column":41},"end":{"line":12,"column":61}}],"line":12},"1":{"loc":{"start":{"line":17,"column":2},"end":{"line":25,"column":3}},"type":"if","locations":[{"start":{"line":17,"column":2},"end":{"line":25,"column":3}},{"start":{"line":21,"column":9},"end":{"line":25,"column":3}}],"line":17},"2":{"loc":{"start":{"line":21,"column":9},"end":{"line":25,"column":3}},"type":"if","locations":[{"start":{"line":21,"column":9},"end":{"line":25,"column":3}},{"start":{},"end":{}}],"line":21},"3":{"loc":{"start":{"line":30,"column":2},"end":{"line":32,"column":3}},"type":"if","locations":[{"start":{"line":30,"column":2},"end":{"line":32,"column":3}},{"start":{},"end":{}}],"line":30}},"s":{"0":3,"1":3,"2":3,"3":3,"4":3,"5":3,"6":3,"7":27,"8":3,"9":24,"10":24,"11":21,"12":21,"13":3,"14":3,"15":3,"16":3,"17":24,"18":24,"19":3,"20":3,"21":3},"f":{"0":27,"1":24},"b":{"0":[27,24],"1":[21,3],"2":[3,0],"3":[24,0]},"_coverageSchema":"1a1c01bbd47fc00a2c39e90264f33305004495a9","hash":"0606bdf827af6dafc56f87012dc5ab3204ad6b0e"}
,"C:\\Users\\Usuario\\Desktop\\HOTEL-MANAGEMENT-test\\models\\notificacion.js": {"path":"C:\\Users\\Usuario\\Desktop\\HOTEL-MANAGEMENT-test\\models\\notificacion.js","statementMap":{"0":{"start":{"line":1,"column":29},"end":{"line":1,"column":49}},"1":{"start":{"line":5,"column":4},"end":{"line":36,"column":7}},"2":{"start":{"line":44,"column":0},"end":{"line":44,"column":30}}},"fnMap":{"0":{"name":"(anonymous_0)","decl":{"start":{"line":4,"column":2},"end":{"line":4,"column":3}},"loc":{"start":{"line":4,"column":25},"end":{"line":37,"column":3}},"line":4},"1":{"name":"(anonymous_1)","decl":{"start":{"line":39,"column":2},"end":{"line":39,"column":3}},"loc":{"start":{"line":39,"column":27},"end":{"line":41,"column":3}},"line":39}},"branchMap":{},"s":{"0":3,"1":3,"2":3},"f":{"0":3,"1":3},"b":{},"_coverageSchema":"1a1c01bbd47fc00a2c39e90264f33305004495a9","hash":"fab12fd3ef23f23de8887b5d6d2c90d3319b4586"}
,"C:\\Users\\Usuario\\Desktop\\HOTEL-MANAGEMENT-test\\models\\reserva.js": {"path":"C:\\Users\\Usuario\\Desktop\\HOTEL-MANAGEMENT-test\\models\\reserva.js","statementMap":{"0":{"start":{"line":1,"column":29},"end":{"line":1,"column":49}},"1":{"start":{"line":5,"column":4},"end":{"line":12,"column":7}},"2":{"start":{"line":16,"column":4},"end":{"line":16,"column":41}},"3":{"start":{"line":17,"column":4},"end":{"line":17,"column":38}},"4":{"start":{"line":18,"column":4},"end":{"line":18,"column":35}},"5":{"start":{"line":22,"column":0},"end":{"line":22,"column":25}}},"fnMap":{"0":{"name":"(anonymous_0)","decl":{"start":{"line":4,"column":2},"end":{"line":4,"column":3}},"loc":{"start":{"line":4,"column":25},"end":{"line":13,"column":3}},"line":4},"1":{"name":"(anonymous_1)","decl":{"start":{"line":15,"column":2},"end":{"line":15,"column":3}},"loc":{"start":{"line":15,"column":27},"end":{"line":19,"column":3}},"line":15}},"branchMap":{},"s":{"0":3,"1":3,"2":3,"3":3,"4":3,"5":3},"f":{"0":3,"1":3},"b":{},"_coverageSchema":"1a1c01bbd47fc00a2c39e90264f33305004495a9","hash":"b9b457da9c5745217b635325e7fa73dc6207e021"}
,"C:\\Users\\Usuario\\Desktop\\HOTEL-MANAGEMENT-test\\models\\usuario.js": {"path":"C:\\Users\\Usuario\\Desktop\\HOTEL-MANAGEMENT-test\\models\\usuario.js","statementMap":{"0":{"start":{"line":1,"column":29},"end":{"line":1,"column":49}},"1":{"start":{"line":2,"column":15},"end":{"line":2,"column":32}},"2":{"start":{"line":6,"column":4},"end":{"line":34,"column":7}},"3":{"start":{"line":28,"column":10},"end":{"line":31,"column":11}},"4":{"start":{"line":29,"column":25},"end":{"line":29,"column":49}},"5":{"start":{"line":30,"column":12},"end":{"line":30,"column":73}},"6":{"start":{"line":38,"column":4},"end":{"line":38,"column":57}},"7":{"start":{"line":46,"column":0},"end":{"line":46,"column":25}}},"fnMap":{"0":{"name":"(anonymous_0)","decl":{"start":{"line":5,"column":2},"end":{"line":5,"column":3}},"loc":{"start":{"line":5,"column":25},"end":{"line":35,"column":3}},"line":5},"1":{"name":"(anonymous_1)","decl":{"start":{"line":27,"column":22},"end":{"line":27,"column":23}},"loc":{"start":{"line":27,"column":41},"end":{"line":32,"column":9}},"line":27},"2":{"name":"(anonymous_2)","decl":{"start":{"line":37,"column":2},"end":{"line":37,"column":3}},"loc":{"start":{"line":37,"column":34},"end":{"line":39,"column":3}},"line":37},"3":{"name":"(anonymous_3)","decl":{"start":{"line":41,"column":2},"end":{"line":41,"column":3}},"loc":{"start":{"line":41,"column":27},"end":{"line":43,"column":3}},"line":41}},"branchMap":{"0":{"loc":{"start":{"line":28,"column":10},"end":{"line":31,"column":11}},"type":"if","locations":[{"start":{"line":28,"column":10},"end":{"line":31,"column":11}},{"start":{},"end":{}}],"line":28}},"s":{"0":3,"1":3,"2":3,"3":2,"4":2,"5":2,"6":2,"7":3},"f":{"0":3,"1":2,"2":2,"3":3},"b":{"0":[2,0]},"_coverageSchema":"1a1c01bbd47fc00a2c39e90264f33305004495a9","hash":"4e4c767d37ceb97e2564d3692652586b185eeaa9"}
,"C:\\Users\\Usuario\\Desktop\\HOTEL-MANAGEMENT-test\\routes\\auth.routes.js": {"path":"C:\\Users\\Usuario\\Desktop\\HOTEL-MANAGEMENT-test\\routes\\auth.routes.js","statementMap":{"0":{"start":{"line":1,"column":16},"end":{"line":1,"column":34}},"1":{"start":{"line":2,"column":15},"end":{"line":2,"column":31}},"2":{"start":{"line":3,"column":23},"end":{"line":3,"column":64}},"3":{"start":{"line":5,"column":0},"end":{"line":5,"column":44}},"4":{"start":{"line":7,"column":0},"end":{"line":7,"column":24}}},"fnMap":{},"branchMap":{},"s":{"0":1,"1":1,"2":1,"3":1,"4":1},"f":{},"b":{},"_coverageSchema":"1a1c01bbd47fc00a2c39e90264f33305004495a9","hash":"34f0c1a6168d097d457368e879bbb2d19fc0eaa7"}
,"C:\\Users\\Usuario\\Desktop\\HOTEL-MANAGEMENT-test\\routes\\factura.routes.js": {"path":"C:\\Users\\Usuario\\Desktop\\HOTEL-MANAGEMENT-test\\routes\\factura.routes.js","statementMap":{"0":{"start":{"line":1,"column":16},"end":{"line":1,"column":34}},"1":{"start":{"line":2,"column":15},"end":{"line":2,"column":31}},"2":{"start":{"line":3,"column":13},"end":{"line":3,"column":43}},"3":{"start":{"line":4,"column":26},"end":{"line":4,"column":70}},"4":{"start":{"line":6,"column":0},"end":{"line":6,"column":32}},"5":{"start":{"line":9,"column":25},"end":{"line":14,"column":1}},"6":{"start":{"line":10,"column":2},"end":{"line":12,"column":3}},"7":{"start":{"line":11,"column":4},"end":{"line":11,"column":105}},"8":{"start":{"line":13,"column":2},"end":{"line":13,"column":9}},"9":{"start":{"line":17,"column":0},"end":{"line":17,"column":53}},"10":{"start":{"line":20,"column":0},"end":{"line":20,"column":99}},"11":{"start":{"line":21,"column":0},"end":{"line":21,"column":89}},"12":{"start":{"line":24,"column":0},"end":{"line":24,"column":87}},"13":{"start":{"line":27,"column":0},"end":{"line":27,"column":87}},"14":{"start":{"line":30,"column":0},"end":{"line":30,"column":62}},"15":{"start":{"line":32,"column":0},"end":{"line":32,"column":24}}},"fnMap":{"0":{"name":"(anonymous_0)","decl":{"start":{"line":9,"column":25},"end":{"line":9,"column":26}},"loc":{"start":{"line":9,"column":45},"end":{"line":14,"column":1}},"line":9}},"branchMap":{"0":{"loc":{"start":{"line":10,"column":2},"end":{"line":12,"column":3}},"type":"if","locations":[{"start":{"line":10,"column":2},"end":{"line":12,"column":3}},{"start":{},"end":{}}],"line":10},"1":{"loc":{"start":{"line":10,"column":6},"end":{"line":10,"column":93}},"type":"binary-expr","locations":[{"start":{"line":10,"column":6},"end":{"line":10,"column":30}},{"start":{"line":10,"column":34},"end":{"line":10,"column":55}},{"start":{"line":10,"column":59},"end":{"line":10,"column":93}}],"line":10}},"s":{"0":4,"1":4,"2":4,"3":4,"4":4,"5":4,"6":3,"7":1,"8":2,"9":4,"10":4,"11":4,"12":4,"13":4,"14":4,"15":4},"f":{"0":3},"b":{"0":[1,2],"1":[3,2,2]},"_coverageSchema":"1a1c01bbd47fc00a2c39e90264f33305004495a9","hash":"6488a0bacde02c524c1a747b2c62213d651d0bcc"}
,"C:\\Users\\Usuario\\Desktop\\HOTEL-MANAGEMENT-test\\routes\\huesped.routes.js": {"path":"C:\\Users\\Usuario\\Desktop\\HOTEL-MANAGEMENT-test\\routes\\huesped.routes.js","statementMap":{"0":{"start":{"line":1,"column":16},"end":{"line":1,"column":34}},"1":{"start":{"line":2,"column":15},"end":{"line":2,"column":31}},"2":{"start":{"line":3,"column":26},"end":{"line":3,"column":70}},"3":{"start":{"line":4,"column":13},"end":{"line":4,"column":43}},"4":{"start":{"line":6,"column":0},"end":{"line":6,"column":77}},"5":{"start":{"line":7,"column":0},"end":{"line":7,"column":76}},"6":{"start":{"line":9,"column":0},"end":{"line":9,"column":24}}},"fnMap":{},"branchMap":{},"s":{"0":4,"1":4,"2":4,"3":4,"4":4,"5":4,"6":4},"f":{},"b":{},"_coverageSchema":"1a1c01bbd47fc00a2c39e90264f33305004495a9","hash":"a8a76aca91f859336c7e3701c79ea89ab1193cdc"}
,"C:\\Users\\Usuario\\Desktop\\HOTEL-MANAGEMENT-test\\routes\\notificacion.routes.js": {"path":"C:\\Users\\Usuario\\Desktop\\HOTEL-MANAGEMENT-test\\routes\\notificacion.routes.js","statementMap":{"0":{"start":{"line":1,"column":16},"end":{"line":1,"column":34}},"1":{"start":{"line":2,"column":15},"end":{"line":2,"column":31}},"2":{"start":{"line":3,"column":31},"end":{"line":3,"column":80}},"3":{"start":{"line":4,"column":41},"end":{"line":4,"column":70}},"4":{"start":{"line":7,"column":0},"end":{"line":7,"column":75}},"5":{"start":{"line":10,"column":0},"end":{"line":10,"column":112}},"6":{"start":{"line":11,"column":0},"end":{"line":11,"column":109}},"7":{"start":{"line":13,"column":0},"end":{"line":13,"column":24}}},"fnMap":{},"branchMap":{},"s":{"0":1,"1":1,"2":1,"3":1,"4":1,"5":1,"6":1,"7":1},"f":{},"b":{},"_coverageSchema":"1a1c01bbd47fc00a2c39e90264f33305004495a9","hash":"e6d089634f8e5a24c04ca248f02293639e9a5a59"}
,"C:\\Users\\Usuario\\Desktop\\HOTEL-MANAGEMENT-test\\routes\\recepcionista.routes.js": {"path":"C:\\Users\\Usuario\\Desktop\\HOTEL-MANAGEMENT-test\\routes\\recepcionista.routes.js","statementMap":{"0":{"start":{"line":2,"column":16},"end":{"line":2,"column":34}},"1":{"start":{"line":3,"column":15},"end":{"line":3,"column":31}},"2":{"start":{"line":4,"column":32},"end":{"line":4,"column":82}},"3":{"start":{"line":6,"column":0},"end":{"line":6,"column":76}},"4":{"start":{"line":7,"column":0},"end":{"line":7,"column":91}},"5":{"start":{"line":10,"column":0},"end":{"line":10,"column":24}}},"fnMap":{},"branchMap":{},"s":{"0":4,"1":4,"2":4,"3":4,"4":4,"5":4},"f":{},"b":{},"_coverageSchema":"1a1c01bbd47fc00a2c39e90264f33305004495a9","hash":"8ac48e1ce4fe4fba643a9db75d741f15a04e2a81"}
,"C:\\Users\\Usuario\\Desktop\\HOTEL-MANAGEMENT-test\\routes\\reservas.routes.js": {"path":"C:\\Users\\Usuario\\Desktop\\HOTEL-MANAGEMENT-test\\routes\\reservas.routes.js","statementMap":{"0":{"start":{"line":2,"column":16},"end":{"line":2,"column":34}},"1":{"start":{"line":3,"column":15},"end":{"line":3,"column":31}},"2":{"start":{"line":4,"column":13},"end":{"line":4,"column":43}},"3":{"start":{"line":5,"column":13},"end":{"line":5,"column":58}},"4":{"start":{"line":7,"column":0},"end":{"line":7,"column":32}},"5":{"start":{"line":9,"column":0},"end":{"line":9,"column":60}},"6":{"start":{"line":10,"column":0},"end":{"line":10,"column":38}},"7":{"start":{"line":11,"column":0},"end":{"line":11,"column":45}},"8":{"start":{"line":12,"column":0},"end":{"line":12,"column":64}},"9":{"start":{"line":13,"column":0},"end":{"line":13,"column":65}},"10":{"start":{"line":15,"column":0},"end":{"line":15,"column":84}},"11":{"start":{"line":16,"column":0},"end":{"line":16,"column":74}},"12":{"start":{"line":18,"column":0},"end":{"line":18,"column":94}},"13":{"start":{"line":19,"column":0},"end":{"line":19,"column":78}},"14":{"start":{"line":21,"column":0},"end":{"line":21,"column":24}}},"fnMap":{},"branchMap":{},"s":{"0":4,"1":4,"2":4,"3":4,"4":4,"5":4,"6":4,"7":4,"8":4,"9":4,"10":4,"11":4,"12":4,"13":4,"14":4},"f":{},"b":{},"_coverageSchema":"1a1c01bbd47fc00a2c39e90264f33305004495a9","hash":"deb375c9708aad6b89834f8315bf19c19c7c2b5c"}
,"C:\\Users\\Usuario\\Desktop\\HOTEL-MANAGEMENT-test\\routes\\supervisor.routes.js": {"path":"C:\\Users\\Usuario\\Desktop\\HOTEL-MANAGEMENT-test\\routes\\supervisor.routes.js","statementMap":{"0":{"start":{"line":2,"column":16},"end":{"line":2,"column":34}},"1":{"start":{"line":3,"column":15},"end":{"line":3,"column":31}},"2":{"start":{"line":4,"column":13},"end":{"line":4,"column":43}},"3":{"start":{"line":5,"column":13},"end":{"line":5,"column":60}},"4":{"start":{"line":7,"column":0},"end":{"line":7,"column":53}},"5":{"start":{"line":9,"column":0},"end":{"line":9,"column":60}},"6":{"start":{"line":10,"column":0},"end":{"line":10,"column":62}},"7":{"start":{"line":11,"column":0},"end":{"line":11,"column":63}},"8":{"start":{"line":12,"column":0},"end":{"line":12,"column":57}},"9":{"start":{"line":14,"column":0},"end":{"line":14,"column":24}}},"fnMap":{},"branchMap":{},"s":{"0":4,"1":4,"2":4,"3":4,"4":4,"5":4,"6":4,"7":4,"8":4,"9":4},"f":{},"b":{},"_coverageSchema":"1a1c01bbd47fc00a2c39e90264f33305004495a9","hash":"2029ee120164e9295deca93b157ebdd35f2c7be7"}
,"C:\\Users\\Usuario\\Desktop\\HOTEL-MANAGEMENT-test\\src\\services\\emailService.js": {"path":"C:\\Users\\Usuario\\Desktop\\HOTEL-MANAGEMENT-test\\src\\services\\emailService.js","statementMap":{"0":{"start":{"line":1,"column":19},"end":{"line":1,"column":40}},"1":{"start":{"line":2,"column":11},"end":{"line":2,"column":33}},"2":{"start":{"line":5,"column":20},"end":{"line":11,"column":2}},"3":{"start":{"line":14,"column":36},"end":{"line":40,"column":1}},"4":{"start":{"line":15,"column":4},"end":{"line":39,"column":5}},"5":{"start":{"line":16,"column":28},"end":{"line":32,"column":9}},"6":{"start":{"line":34,"column":23},"end":{"line":34,"column":62}},"7":{"start":{"line":35,"column":8},"end":{"line":35,"column":22}},"8":{"start":{"line":37,"column":8},"end":{"line":37,"column":83}},"9":{"start":{"line":38,"column":8},"end":{"line":38,"column":20}},"10":{"start":{"line":43,"column":32},"end":{"line":82,"column":1}},"11":{"start":{"line":44,"column":4},"end":{"line":81,"column":5}},"12":{"start":{"line":46,"column":28},"end":{"line":56,"column":10}},"13":{"start":{"line":47,"column":12},"end":{"line":55,"column":15}},"14":{"start":{"line":48,"column":16},"end":{"line":54,"column":17}},"15":{"start":{"line":49,"column":20},"end":{"line":49,"column":32}},"16":{"start":{"line":50,"column":23},"end":{"line":54,"column":17}},"17":{"start":{"line":51,"column":20},"end":{"line":51,"column":63}},"18":{"start":{"line":53,"column":20},"end":{"line":53,"column":33}},"19":{"start":{"line":58,"column":28},"end":{"line":74,"column":9}},"20":{"start":{"line":76,"column":23},"end":{"line":76,"column":62}},"21":{"start":{"line":77,"column":8},"end":{"line":77,"column":22}},"22":{"start":{"line":79,"column":8},"end":{"line":79,"column":80}},"23":{"start":{"line":80,"column":8},"end":{"line":80,"column":20}},"24":{"start":{"line":84,"column":0},"end":{"line":87,"column":2}}},"fnMap":{"0":{"name":"(anonymous_0)","decl":{"start":{"line":14,"column":36},"end":{"line":14,"column":37}},"loc":{"start":{"line":14,"column":59},"end":{"line":40,"column":1}},"line":14},"1":{"name":"(anonymous_1)","decl":{"start":{"line":43,"column":32},"end":{"line":43,"column":33}},"loc":{"start":{"line":43,"column":51},"end":{"line":82,"column":1}},"line":43},"2":{"name":"(anonymous_2)","decl":{"start":{"line":46,"column":46},"end":{"line":46,"column":47}},"loc":{"start":{"line":46,"column":67},"end":{"line":56,"column":9}},"line":46},"3":{"name":"(anonymous_3)","decl":{"start":{"line":47,"column":80},"end":{"line":47,"column":81}},"loc":{"start":{"line":47,"column":94},"end":{"line":55,"column":13}},"line":47}},"branchMap":{"0":{"loc":{"start":{"line":48,"column":16},"end":{"line":54,"column":17}},"type":"if","locations":[{"start":{"line":48,"column":16},"end":{"line":54,"column":17}},{"start":{"line":50,"column":23},"end":{"line":54,"column":17}}],"line":48},"1":{"loc":{"start":{"line":50,"column":23},"end":{"line":54,"column":17}},"type":"if","locations":[{"start":{"line":50,"column":23},"end":{"line":54,"column":17}},{"start":{"line":52,"column":23},"end":{"line":54,"column":17}}],"line":50}},"s":{"0":1,"1":1,"2":1,"3":1,"4":2,"5":2,"6":2,"7":1,"8":1,"9":1,"10":1,"11":4,"12":4,"13":4,"14":4,"15":1,"16":3,"17":1,"18":2,"19":2,"20":2,"21":1,"22":3,"23":3,"24":1},"f":{"0":2,"1":4,"2":4,"3":4},"b":{"0":[1,3],"1":[1,2]},"_coverageSchema":"1a1c01bbd47fc00a2c39e90264f33305004495a9","hash":"4c90586ef0438b7d90728a55aa0e032dce7a1099"}
}
