TN:
SF:app.js
FNF:0
FNH:0
DA:1,1
DA:2,1
DA:3,1
DA:4,1
DA:5,1
DA:7,1
DA:10,1
DA:11,1
DA:12,1
DA:15,1
DA:16,1
DA:18,1
LF:12
LH:12
BRF:0
BRH:0
end_of_record
TN:
SF:server.js
FN:27,(anonymous_0)
FN:32,(anonymous_1)
FN:40,(anonymous_2)
FN:45,(anonymous_3)
FN:47,(anonymous_4)
FNF:5
FNH:0
FNDA:0,(anonymous_0)
FNDA:0,(anonymous_1)
FNDA:0,(anonymous_2)
FNDA:0,(anonymous_3)
FNDA:0,(anonymous_4)
DA:2,4
DA:3,4
DA:4,4
DA:5,4
DA:6,4
DA:9,4
DA:10,4
DA:13,4
DA:14,4
DA:15,4
DA:16,4
DA:17,4
DA:20,4
DA:21,4
DA:22,4
DA:23,4
DA:24,4
DA:27,4
DA:28,0
DA:32,4
DA:33,0
DA:34,0
DA:38,4
DA:39,0
DA:40,0
DA:41,0
DA:45,0
DA:46,0
DA:47,0
DA:48,0
DA:53,4
LF:31
LH:21
BRDA:38,0,0,0
BRDA:38,0,1,4
BRDA:39,1,0,0
BRDA:39,1,1,0
BRF:4
BRH:1
end_of_record
TN:
SF:config\database.js
FN:19,(anonymous_0)
FN:22,(anonymous_1)
FNF:2
FNH:1
FNDA:3,(anonymous_0)
FNDA:0,(anonymous_1)
DA:1,3
DA:4,3
DA:18,3
DA:20,3
DA:23,0
DA:26,3
LF:6
LH:5
BRF:0
BRH:0
end_of_record
TN:
SF:controllers\auth.controller.js
FN:6,(anonymous_0)
FNF:1
FNH:1
FNDA:2,(anonymous_0)
DA:1,1
DA:2,1
DA:4,1
DA:6,1
DA:7,2
DA:8,2
DA:10,2
DA:11,2
DA:12,0
DA:15,2
DA:16,2
DA:17,0
DA:20,2
DA:30,2
DA:32,0
DA:33,0
LF:16
LH:12
BRDA:4,0,0,1
BRDA:4,0,1,1
BRDA:11,1,0,0
BRDA:11,1,1,2
BRDA:16,2,0,0
BRDA:16,2,1,2
BRF:6
BRH:4
end_of_record
TN:
SF:controllers\factura.controller.js
FN:7,(anonymous_0)
FN:30,(anonymous_1)
FN:56,(anonymous_2)
FN:85,(anonymous_3)
FN:106,(anonymous_4)
FNF:5
FNH:4
FNDA:2,(anonymous_0)
FNDA:2,(anonymous_1)
FNDA:3,(anonymous_2)
FNDA:3,(anonymous_3)
FNDA:0,(anonymous_4)
DA:1,4
DA:2,4
DA:3,4
DA:5,4
DA:8,2
DA:9,2
DA:22,1
DA:24,1
DA:25,1
DA:31,2
DA:32,2
DA:33,2
DA:48,1
DA:50,1
DA:51,1
DA:57,3
DA:58,3
DA:59,3
DA:73,2
DA:74,1
DA:77,1
DA:79,1
DA:80,1
DA:86,3
DA:87,3
DA:88,3
DA:90,3
DA:91,1
DA:94,2
DA:99,1
DA:101,1
DA:102,1
DA:107,0
DA:108,0
DA:109,0
DA:111,0
DA:118,0
DA:119,0
DA:122,0
DA:123,0
DA:126,0
DA:127,0
DA:129,0
DA:135,0
DA:136,0
DA:138,0
DA:143,0
DA:144,0
DA:149,4
LF:49
LH:33
BRDA:73,0,0,1
BRDA:73,0,1,1
BRDA:90,1,0,1
BRDA:90,1,1,2
BRDA:118,2,0,0
BRDA:118,2,1,0
BRDA:122,3,0,0
BRDA:122,3,1,0
BRF:8
BRH:4
end_of_record
TN:
SF:controllers\huesped.controller.js
FN:3,(anonymous_0)
FN:30,(anonymous_1)
FNF:2
FNH:2
FNDA:3,(anonymous_0)
FNDA:1,(anonymous_1)
DA:1,4
DA:3,4
DA:4,3
DA:5,3
DA:7,3
DA:8,1
DA:11,2
DA:17,1
DA:22,1
DA:23,1
DA:25,0
DA:26,0
DA:30,4
DA:31,1
DA:32,1
DA:33,1
DA:35,0
DA:36,0
LF:18
LH:14
BRDA:7,0,0,1
BRDA:7,0,1,2
BRDA:7,1,0,3
BRDA:7,1,1,2
BRDA:22,2,0,1
BRDA:22,2,1,0
BRF:6
BRH:5
end_of_record
TN:
SF:controllers\notificacion.controller.js
FN:7,(anonymous_0)
FN:38,(anonymous_1)
FN:58,(anonymous_2)
FNF:3
FNH:3
FNDA:1,(anonymous_0)
FNDA:1,(anonymous_1)
FNDA:1,(anonymous_2)
DA:1,1
DA:2,1
DA:4,1
DA:8,1
DA:9,1
DA:11,1
DA:12,0
DA:17,1
DA:24,1
DA:30,0
DA:31,0
DA:39,1
DA:40,1
DA:47,1
DA:50,0
DA:51,0
DA:59,1
DA:60,1
DA:61,1
DA:64,1
DA:66,1
DA:67,0
DA:73,1
DA:74,0
DA:80,1
DA:82,1
DA:88,0
DA:89,0
DA:96,1
LF:29
LH:20
BRDA:11,0,0,0
BRDA:11,0,1,1
BRDA:11,1,0,1
BRDA:11,1,1,1
BRDA:11,1,2,1
BRDA:66,2,0,0
BRDA:66,2,1,1
BRDA:73,3,0,0
BRDA:73,3,1,1
BRF:9
BRH:6
end_of_record
TN:
SF:controllers\recepcionista.controller.js
FN:4,(anonymous_0)
FN:37,(anonymous_1)
FNF:2
FNH:2
FNDA:3,(anonymous_0)
FNDA:2,(anonymous_1)
DA:1,4
DA:2,4
DA:4,4
DA:5,3
DA:6,3
DA:8,3
DA:9,1
DA:12,2
DA:13,2
DA:14,1
DA:17,1
DA:25,1
DA:27,1
DA:32,0
DA:33,0
DA:37,4
DA:38,2
DA:39,2
DA:41,2
DA:45,2
DA:46,0
DA:49,2
DA:50,1
DA:53,1
DA:54,1
DA:56,1
DA:58,0
DA:59,0
DA:63,4
LF:29
LH:24
BRDA:8,0,0,1
BRDA:8,0,1,2
BRDA:8,1,0,3
BRDA:8,1,1,2
BRDA:8,1,2,2
BRDA:8,1,3,2
BRDA:13,2,0,1
BRDA:13,2,1,1
BRDA:13,3,0,2
BRDA:13,3,1,2
BRDA:45,4,0,0
BRDA:45,4,1,2
BRDA:49,5,0,1
BRDA:49,5,1,1
BRF:14
BRH:13
end_of_record
TN:
SF:controllers\reservas.controller.js
FN:5,(anonymous_0)
FN:38,(anonymous_1)
FN:53,(anonymous_2)
FN:72,(anonymous_3)
FN:95,(anonymous_4)
FN:116,(anonymous_5)
FN:152,(anonymous_6)
FN:171,(anonymous_7)
FN:181,(anonymous_8)
FNF:9
FNH:2
FNDA:3,(anonymous_0)
FNDA:0,(anonymous_1)
FNDA:0,(anonymous_2)
FNDA:0,(anonymous_3)
FNDA:0,(anonymous_4)
FNDA:2,(anonymous_5)
FNDA:0,(anonymous_6)
FNDA:0,(anonymous_7)
FNDA:0,(anonymous_8)
DA:1,4
DA:2,4
DA:3,4
DA:5,4
DA:6,3
DA:7,3
DA:9,3
DA:10,1
DA:13,2
DA:14,2
DA:15,1
DA:18,1
DA:26,1
DA:28,1
DA:33,0
DA:34,0
DA:38,4
DA:39,0
DA:40,0
DA:46,0
DA:48,0
DA:49,0
DA:53,4
DA:54,0
DA:55,0
DA:56,0
DA:62,0
DA:63,0
DA:65,0
DA:67,0
DA:68,0
DA:72,4
DA:73,0
DA:74,0
DA:75,0
DA:76,0
DA:77,0
DA:78,0
DA:81,0
DA:82,0
DA:88,0
DA:90,0
DA:91,0
DA:95,4
DA:96,0
DA:97,0
DA:98,0
DA:99,0
DA:100,0
DA:104,0
DA:105,0
DA:108,0
DA:109,0
DA:111,0
DA:112,0
DA:116,4
DA:117,2
DA:118,2
DA:119,2
DA:121,2
DA:125,2
DA:126,1
DA:129,1
DA:130,0
DA:133,1
DA:134,1
DA:136,1
DA:142,1
DA:147,0
DA:148,0
DA:152,4
DA:153,0
DA:154,0
DA:155,0
DA:164,0
DA:166,0
DA:167,0
DA:171,4
DA:172,0
DA:173,0
DA:174,0
DA:176,0
DA:177,0
DA:181,4
DA:182,0
DA:183,0
DA:184,0
DA:185,0
DA:187,0
DA:188,0
DA:189,0
DA:191,0
DA:193,0
DA:194,0
LF:94
LH:33
BRDA:9,0,0,1
BRDA:9,0,1,2
BRDA:9,1,0,3
BRDA:9,1,1,2
BRDA:9,1,2,2
BRDA:9,1,3,2
BRDA:14,2,0,1
BRDA:14,2,1,1
BRDA:14,3,0,2
BRDA:14,3,1,2
BRDA:62,4,0,0
BRDA:62,4,1,0
BRDA:77,5,0,0
BRDA:77,5,1,0
BRDA:99,6,0,0
BRDA:99,6,1,0
BRDA:104,7,0,0
BRDA:104,7,1,0
BRDA:125,8,0,1
BRDA:125,8,1,1
BRDA:129,9,0,0
BRDA:129,9,1,1
BRDA:184,10,0,0
BRDA:184,10,1,0
BRDA:188,11,0,0
BRDA:188,11,1,0
BRF:26
BRH:13
end_of_record
TN:
SF:controllers\supervisor.controller.js
FN:6,(anonymous_0)
FN:33,(anonymous_1)
FN:64,(anonymous_2)
FN:84,(anonymous_3)
FN:94,(anonymous_4)
FN:96,(anonymous_5)
FN:97,(anonymous_6)
FNF:7
FNH:6
FNDA:3,(anonymous_0)
FNDA:3,(anonymous_1)
FNDA:3,(anonymous_2)
FNDA:2,(anonymous_3)
FNDA:2,(anonymous_4)
FNDA:3,(anonymous_5)
FNDA:0,(anonymous_6)
DA:2,5
DA:3,5
DA:4,5
DA:6,5
DA:7,3
DA:8,3
DA:9,3
DA:10,1
DA:14,2
DA:15,2
DA:16,1
DA:19,1
DA:20,1
DA:26,1
DA:28,0
DA:29,0
DA:33,5
DA:34,3
DA:35,3
DA:43,3
DA:44,1
DA:47,2
DA:48,1
DA:51,1
DA:53,1
DA:54,1
DA:57,1
DA:59,0
DA:60,0
DA:64,5
DA:65,3
DA:66,3
DA:67,3
DA:68,1
DA:71,2
DA:72,1
DA:75,1
DA:77,1
DA:79,0
DA:80,0
DA:84,5
DA:85,2
DA:86,2
DA:94,1
DA:95,2
DA:96,3
DA:97,2
DA:100,1
DA:102,1
DA:103,1
LF:50
LH:44
BRDA:9,0,0,1
BRDA:9,0,1,2
BRDA:9,1,0,3
BRDA:9,1,1,3
BRDA:9,1,2,2
BRDA:15,2,0,1
BRDA:15,2,1,1
BRDA:43,3,0,1
BRDA:43,3,1,2
BRDA:47,4,0,1
BRDA:47,4,1,1
BRDA:53,5,0,1
BRDA:53,5,1,0
BRDA:67,6,0,1
BRDA:67,6,1,2
BRDA:71,7,0,1
BRDA:71,7,1,1
BRDA:95,8,0,0
BRDA:95,8,1,2
BRDA:95,9,0,2
BRDA:95,9,1,2
BRDA:97,10,0,2
BRDA:97,10,1,1
BRDA:97,10,2,0
BRF:24
BRH:21
end_of_record
TN:
SF:middleware\auth.js
FN:6,(anonymous_0)
FN:27,(anonymous_1)
FN:34,(anonymous_2)
FNF:3
FNH:2
FNDA:3,(anonymous_0)
FNDA:2,(anonymous_1)
FNDA:0,(anonymous_2)
DA:1,1
DA:2,1
DA:4,1
DA:6,1
DA:7,3
DA:8,3
DA:9,3
DA:10,0
DA:13,3
DA:14,3
DA:15,3
DA:16,0
DA:19,3
DA:20,3
DA:22,0
DA:23,0
DA:27,1
DA:28,2
DA:29,0
DA:31,2
DA:34,1
DA:35,0
DA:36,0
DA:38,0
DA:41,1
LF:25
LH:17
BRDA:4,0,0,1
BRDA:4,0,1,1
BRDA:9,1,0,0
BRDA:9,1,1,3
BRDA:15,2,0,0
BRDA:15,2,1,3
BRDA:28,3,0,0
BRDA:28,3,1,2
BRDA:35,4,0,0
BRDA:35,4,1,0
BRF:10
BRH:5
end_of_record
TN:
SF:middlewares\auth.js
FN:7,(anonymous_0)
FN:19,(anonymous_1)
FN:26,(anonymous_2)
FNF:3
FNH:1
FNDA:0,(anonymous_0)
FNDA:0,(anonymous_1)
FNDA:4,(anonymous_2)
DA:2,2
DA:3,2
DA:4,2
DA:6,2
DA:8,0
DA:9,0
DA:10,0
DA:11,0
DA:12,0
DA:13,0
DA:15,0
DA:20,0
DA:21,0
DA:23,0
DA:27,4
DA:28,4
DA:30,4
DA:31,0
DA:35,4
DA:36,4
DA:39,0
DA:40,0
DA:42,0
DA:43,0
DA:46,0
DA:47,0
DA:49,0
DA:50,0
DA:52,0
DA:53,0
LF:30
LH:9
BRDA:3,0,0,2
BRDA:3,0,1,0
BRDA:9,1,0,0
BRDA:9,1,1,0
BRDA:20,2,0,0
BRDA:20,2,1,0
BRDA:30,3,0,0
BRDA:30,3,1,4
BRDA:35,4,0,4
BRDA:35,4,1,0
BRDA:35,5,0,4
BRDA:35,5,1,4
BRDA:42,6,0,0
BRDA:42,6,1,0
BRDA:42,7,0,0
BRDA:42,7,1,0
BRDA:49,8,0,0
BRDA:49,8,1,0
BRF:18
BRH:5
end_of_record
TN:
SF:models\Empleado.js
FN:4,(anonymous_0)
FN:16,(anonymous_1)
FNF:2
FNH:2
FNDA:3,(anonymous_0)
FNDA:3,(anonymous_1)
DA:1,3
DA:5,3
DA:21,3
LF:3
LH:3
BRF:0
BRH:0
end_of_record
TN:
SF:models\Factura.js
FN:4,(anonymous_0)
FN:19,(anonymous_1)
FNF:2
FNH:2
FNDA:3,(anonymous_0)
FNDA:3,(anonymous_1)
DA:1,3
DA:5,3
DA:20,3
DA:24,3
DA:31,3
LF:5
LH:5
BRF:0
BRH:0
end_of_record
TN:
SF:models\Huesped.js
FN:1,(anonymous_0)
FN:8,(anonymous_1)
FNF:2
FNH:2
FNDA:3,(anonymous_0)
FNDA:3,(anonymous_1)
DA:1,3
DA:2,3
DA:8,3
DA:9,3
DA:12,3
LF:5
LH:5
BRF:0
BRH:0
end_of_record
TN:
SF:models\Pago.js
FN:5,(anonymous_0)
FN:29,(anonymous_1)
FNF:2
FNH:2
FNDA:3,(anonymous_0)
FNDA:3,(anonymous_1)
DA:2,3
DA:6,3
DA:30,3
DA:37,3
LF:4
LH:4
BRF:0
BRH:0
end_of_record
TN:
SF:models\habitacion.js
FN:4,(anonymous_0)
FN:15,(anonymous_1)
FNF:2
FNH:2
FNDA:3,(anonymous_0)
FNDA:3,(anonymous_1)
DA:1,3
DA:5,3
DA:16,3
DA:20,3
LF:4
LH:4
BRF:0
BRH:0
end_of_record
TN:
SF:models\index.js
FN:12,(anonymous_0)
FN:29,(anonymous_1)
FNF:2
FNH:2
FNDA:27,(anonymous_0)
FNDA:24,(anonymous_1)
DA:2,3
DA:3,3
DA:4,3
DA:5,3
DA:6,3
DA:8,3
DA:11,3
DA:12,27
DA:15,3
DA:16,24
DA:17,24
DA:19,21
DA:20,21
DA:21,3
DA:23,3
DA:24,3
DA:29,3
DA:30,24
DA:31,24
DA:35,3
DA:36,3
DA:38,3
LF:22
LH:22
BRDA:12,0,0,27
BRDA:12,0,1,24
BRDA:17,1,0,21
BRDA:17,1,1,3
BRDA:21,2,0,3
BRDA:21,2,1,0
BRDA:30,3,0,24
BRDA:30,3,1,0
BRF:8
BRH:6
end_of_record
TN:
SF:models\notificacion.js
FN:4,(anonymous_0)
FN:39,(anonymous_1)
FNF:2
FNH:2
FNDA:3,(anonymous_0)
FNDA:3,(anonymous_1)
DA:1,3
DA:5,3
DA:44,3
LF:3
LH:3
BRF:0
BRH:0
end_of_record
TN:
SF:models\reserva.js
FN:4,(anonymous_0)
FN:15,(anonymous_1)
FNF:2
FNH:2
FNDA:3,(anonymous_0)
FNDA:3,(anonymous_1)
DA:1,3
DA:5,3
DA:16,3
DA:17,3
DA:18,3
DA:22,3
LF:6
LH:6
BRF:0
BRH:0
end_of_record
TN:
SF:models\usuario.js
FN:5,(anonymous_0)
FN:27,(anonymous_1)
FN:37,(anonymous_2)
FN:41,(anonymous_3)
FNF:4
FNH:4
FNDA:3,(anonymous_0)
FNDA:2,(anonymous_1)
FNDA:2,(anonymous_2)
FNDA:3,(anonymous_3)
DA:1,3
DA:2,3
DA:6,3
DA:28,2
DA:29,2
DA:30,2
DA:38,2
DA:46,3
LF:8
LH:8
BRDA:28,0,0,2
BRDA:28,0,1,0
BRF:2
BRH:1
end_of_record
TN:
SF:routes\auth.routes.js
FNF:0
FNH:0
DA:1,1
DA:2,1
DA:3,1
DA:5,1
DA:7,1
LF:5
LH:5
BRF:0
BRH:0
end_of_record
TN:
SF:routes\factura.routes.js
FN:9,(anonymous_0)
FNF:1
FNH:1
FNDA:3,(anonymous_0)
DA:1,4
DA:2,4
DA:3,4
DA:4,4
DA:6,4
DA:9,4
DA:10,3
DA:11,1
DA:13,2
DA:17,4
DA:20,4
DA:21,4
DA:24,4
DA:27,4
DA:30,4
DA:32,4
LF:16
LH:16
BRDA:10,0,0,1
BRDA:10,0,1,2
BRDA:10,1,0,3
BRDA:10,1,1,2
BRDA:10,1,2,2
BRF:5
BRH:5
end_of_record
TN:
SF:routes\huesped.routes.js
FNF:0
FNH:0
DA:1,4
DA:2,4
DA:3,4
DA:4,4
DA:6,4
DA:7,4
DA:9,4
LF:7
LH:7
BRF:0
BRH:0
end_of_record
TN:
SF:routes\notificacion.routes.js
FNF:0
FNH:0
DA:1,1
DA:2,1
DA:3,1
DA:4,1
DA:7,1
DA:10,1
DA:11,1
DA:13,1
LF:8
LH:8
BRF:0
BRH:0
end_of_record
TN:
SF:routes\recepcionista.routes.js
FNF:0
FNH:0
DA:2,4
DA:3,4
DA:4,4
DA:6,4
DA:7,4
DA:10,4
LF:6
LH:6
BRF:0
BRH:0
end_of_record
TN:
SF:routes\reservas.routes.js
FNF:0
FNH:0
DA:2,4
DA:3,4
DA:4,4
DA:5,4
DA:7,4
DA:9,4
DA:10,4
DA:11,4
DA:12,4
DA:13,4
DA:15,4
DA:16,4
DA:18,4
DA:19,4
DA:21,4
LF:15
LH:15
BRF:0
BRH:0
end_of_record
TN:
SF:routes\supervisor.routes.js
FNF:0
FNH:0
DA:2,4
DA:3,4
DA:4,4
DA:5,4
DA:7,4
DA:9,4
DA:10,4
DA:11,4
DA:12,4
DA:14,4
LF:10
LH:10
BRF:0
BRH:0
end_of_record
TN:
SF:src\services\emailService.js
FN:14,(anonymous_0)
FN:43,(anonymous_1)
FN:46,(anonymous_2)
FN:47,(anonymous_3)
FNF:4
FNH:4
FNDA:2,(anonymous_0)
FNDA:4,(anonymous_1)
FNDA:4,(anonymous_2)
FNDA:4,(anonymous_3)
DA:1,1
DA:2,1
DA:5,1
DA:14,1
DA:15,2
DA:16,2
DA:34,2
DA:35,1
DA:37,1
DA:38,1
DA:43,1
DA:44,4
DA:46,4
DA:47,4
DA:48,4
DA:49,1
DA:50,3
DA:51,1
DA:53,2
DA:58,2
DA:76,2
DA:77,1
DA:79,3
DA:80,3
DA:84,1
LF:25
LH:25
BRDA:48,0,0,1
BRDA:48,0,1,3
BRDA:50,1,0,1
BRDA:50,1,1,2
BRF:4
BRH:4
end_of_record
